Resolving remote host '10.18.1.239'... Done.
------------------------------ Scenario Screen -------- [1-9]: Change Screen --
  Call rate (length)   Port   Total-time  Total-calls  Remote-host
  500.0(0 ms)/1.000s   10000     41.54 s         2000  10.18.1.239:5060(UDP)

  0 new calls during 0.380 s period       1 ms scheduler resolution            
  2000 calls (limit 2000)                 Peak was 2000 calls, after 4 s
  0 Running, 2002 Paused, 10529 Woken up
  0 dead call msg (discarded)             0 out-of-call msg (discarded)
  2003 open sockets                       0/0/0 UDP errors (send/recv/cong)
  0 Total RTP pckts sent                  0.000 last period RTP rate (kB/s)

                                 Messages  Retrans   Timeout   Unexpected-Msg
0 :    REGISTER ---------->         2000      0         0                            
1 :         100 <----------         0         0         0         0                  
2 :         200 <----------         2000      0         0         0                  
3 :       Pause [$refresh_time]     2000                          0        
4 :              [ NOP ]              
------------------------------ Test Terminated --------------------------------
----------------------------- Statistics Screen ------- [1-9]: Change Screen --
  Start Time             | 2025-07-31	10:28:46.623464	1753957726.623464         
  Last Reset Time        | 2025-07-31	10:29:27.788979	1753957767.788979         
  Current Time           | 2025-07-31	10:29:28.170619	1753957768.170619         
-------------------------+---------------------------+--------------------------
  Counter Name           | Periodic value            | Cumulative value
-------------------------+---------------------------+--------------------------
  Elapsed Time           | 00:00:00:381000           | 00:00:00:381000          
  Call Rate              |    0.000 cps              |   48.138 cps             
-------------------------+---------------------------+--------------------------
  Incoming calls created |        0                  |        0                 
  Outgoing calls created |        0                  |     2000                 
  Total Calls created    |                           |     2000                 
  Current Calls          |     2000                  |                          
-------------------------+---------------------------+--------------------------
  Successful call        |        0                  |        0                 
  Failed call            |        0                  |        0                 
-------------------------+---------------------------+--------------------------
  Call Length            | 00:00:00:000000           | 00:00:00:000000          
------------------------------ Test Terminated --------------------------------
