Resolving remote host '10.18.1.239'... Done.
2025-07-31	11:28:18.267126	1753961298.267126: Continuing call on unexpected CANCEL for call: a9fce13b-982f-4f00-a7f5-93e7a01fa22e
There were more errors, see 'test_suite/logs/call_test/uas/uas_errors.log' file
------------------------------ Scenario Screen -------- [1-9]: Change Screen --
  Call rate (length)   Port   Total-time  Total-calls  Remote-host
  500.0(0 ms)/1.000s   10000  48552.96 s         2000  10.18.1.239:5060(UDP)

  0 new calls during 0.428 s period       1 ms scheduler resolution            
  2000 calls (limit 2000)                 Peak was 2000 calls, after 4 s
  0 Running, 47186 Paused, 602257 Woken up
  0 dead call msg (discarded)             0 out-of-call msg (discarded)
  2003 open sockets                       0/0/0 UDP errors (send/recv/cong)
  0 Total RTP pckts sent                  0.000 last period RTP rate (kB/s)

                                 Messages  Retrans   Timeout   Unexpected-Msg
0 :    REGISTER ---------->         324000    0         0                            
1 :         100 <----------         0         0         0         0                  
2 :         200 <----------         324000    0         0         0                  
3 :       Pause [$refresh_time]     324000                        0        
4 :              [ NOP ]              
------------------------------ Test Terminated --------------------------------
----------------------------- Statistics Screen ------- [1-9]: Change Screen --
  Start Time             | 2025-07-31	11:21:34.067464	1753960894.067464         
  Last Reset Time        | 2025-08-01	00:50:46.600264	1754009446.600264         
  Current Time           | 2025-08-01	00:50:47.030700	1754009447.030700         
-------------------------+---------------------------+--------------------------
  Counter Name           | Periodic value            | Cumulative value
-------------------------+---------------------------+--------------------------
  Elapsed Time           | 00:00:00:430000           | 00:00:00:430000          
  Call Rate              |    0.000 cps              |    0.041 cps             
-------------------------+---------------------------+--------------------------
  Incoming calls created |        0                  |        0                 
  Outgoing calls created |        0                  |     2000                 
  Total Calls created    |                           |     2000                 
  Current Calls          |     2000                  |                          
-------------------------+---------------------------+--------------------------
  Successful call        |        0                  |        0                 
  Failed call            |        0                  |        0                 
-------------------------+---------------------------+--------------------------
  Call Length            | 00:00:00:000000           | 00:00:00:000000          
------------------------------ Test Terminated --------------------------------
