------------------------------ Scenario Screen -------- [1-9]: Change Screen --
  Call rate (length)   Port   Total-time  Total-calls  Remote-host
  500.0(0 ms)/1.000s   20002     11.17 s         2000  10.18.1.239:5060(UDP)

  0 new calls during 0.128 s period       0 ms scheduler resolution            
  2000 calls (limit 2000)                 Peak was 2000 calls, after 4 s
  0 Running, 2002 Paused, 4831 Woken up
  0 dead call msg (discarded)             0 out-of-call msg (discarded)
  0 requests auto-answered
  2003 open sockets                       0/0/0 UDP errors (send/recv/cong)
  0 Total RTP pckts sent                  0.000 last period RTP rate (kB/s)

                                 Messages  Retrans   Timeout   Unexpected-Msg
0 :              [ NOP ]              
1 :    REGISTER ---------->         2000      0         0                            
2 :         100 <----------         0         0         0         0                  
3 :         200 <----------         2000      0         0         0                  
4 :       Pause [   1000ms]         2000                          0        
5 :      INVITE ---------->         2000      0         0                            
6 :         100 <----------         2000      0         0         0                  
7 :         183 <----------         2000      4539      0         0                  
8 :       PRACK ---------->         2000      4539                                   
9 :         200 <----------         27        0         0         0                  
10:      UPDATE ---------->         27        0                                      
11:         200 <----------         0         0         0         0                  
12:         180 <----------         0         0         0         0                  
13:         200 <----------         0         0         0         0                  
14:         ACK ---------->         0         0                                      
15:       Pause [$call_hold_time]   0                             0        
16:         BYE ---------->         0         0         0                            
17:         200 <----------         0         0         0         0                  
18:       Pause [   1000ms]         0                             0        
------------------------------ Test Terminated --------------------------------
----------------------------- Statistics Screen ------- [1-9]: Change Screen --
  Start Time             | 2025-08-01	01:45:41.599910	1754012741.599910         
  Last Reset Time        | 2025-08-01	01:45:52.644217	1754012752.644217         
  Current Time           | 2025-08-01	01:45:52.772624	1754012752.772624         
-------------------------+---------------------------+--------------------------
  Counter Name           | Periodic value            | Cumulative value
-------------------------+---------------------------+--------------------------
  Elapsed Time           | 00:00:00:128000           | 00:00:00:128000          
  Call Rate              |    0.000 cps              |  179.019 cps             
-------------------------+---------------------------+--------------------------
  Incoming calls created |        0                  |        0                 
  Outgoing calls created |        0                  |     2000                 
  Total Calls created    |                           |     2000                 
  Current Calls          |     2000                  |                          
-------------------------+---------------------------+--------------------------
  Successful call        |        0                  |        0                 
  Failed call            |        0                  |        0                 
-------------------------+---------------------------+--------------------------
  Call Length            | 00:00:00:000000           | 00:00:00:000000          
------------------------------ Test Terminated --------------------------------
