------------------------------ Scenario Screen -------- [1-9]: Change Screen --
  Timestamp: Tue Oct 18 20:25:15 2022

  Call-rate(length)   Port   Total-time  Total-calls  Remote-host
1000.0(0 ms)/1.000s   4055       2.01 s         1000  172.17.95.181:15060(UDP)

  Call limit reached (-m 1000), 0.000 s period  0 ms scheduler resolution
  0 calls (limit 1000)                   Peak was 475 calls, after 1 s
  0 Running, 1002 Paused, 0 Woken up
  0 dead call msg (discarded)            0 out-of-call msg (discarded)        
  1 open sockets                        

                                 Messages  Retrans   Timeout   Unexpected-Msg
    REGISTER ---------->         1000      75        0                  
         401 <----------         1000      0         0         0        
    REGISTER ---------->         1000      171       0                  
         200 <----------         1000      0         0         0        
------- Waiting for active calls to end. Press [q] again to force exit. -------

----------------------------- Statistics Screen ------- [1-9]: Change Screen --
  Start Time             | 2022-10-18	20:25:13.723235	1666095913.723235         
  Last Reset Time        | 2022-10-18	20:25:15.738585	1666095915.738585         
  Current Time           | 2022-10-18	20:25:15.738650	1666095915.738650         
-------------------------+---------------------------+--------------------------
  Counter Name           | Periodic value            | Cumulative value
-------------------------+---------------------------+--------------------------
  Elapsed Time           | 00:00:00:000000           | 00:00:02:015000          
  Call Rate              |    0.000 cps              |  496.278 cps             
-------------------------+---------------------------+--------------------------
  Incoming call created  |        0                  |        0                 
  OutGoing call created  |        0                  |     1000                 
  Total Call created     |                           |     1000                 
  Current Call           |        0                  |                          
-------------------------+---------------------------+--------------------------
  Successful call        |        0                  |     1000                 
  Failed call            |        0                  |        0                 
-------------------------+---------------------------+--------------------------
  Call Length            | 00:00:00:000000           | 00:00:00:464000          
------- Waiting for active calls to end. Press [q] again to force exit. -------

---------------------------- Repartition Screen ------- [1-9]: Change Screen --
    <No repartion defined>                                                      
  Average Call Length Repartition                                               
           0 ms <= n <        10 ms :          0                                
          10 ms <= n <        50 ms :         46                                
          50 ms <= n <       100 ms :         63                                
         100 ms <= n <       500 ms :        448                                
         500 ms <= n <      1000 ms :        421                                
        1000 ms <= n <      5000 ms :         22                                
        5000 ms <= n <     10000 ms :          0                                
                   n >=    10000 ms :          0                                
------- Waiting for active calls to end. Press [q] again to force exit. -------

