------------------------------ Scenario Screen -------- [1-9]: Change Screen --
  Timestamp: Tue Oct 18 20:24:01 2022

  Call-rate(length)   Port   Total-time  Total-calls  Remote-host
1000.0(0 ms)/1.000s   4055       2.42 s         1201  172.17.95.181:15060(UDP)

  Call limit reached (-m 1201), 0.000 s period  0 ms scheduler resolution
  0 calls (limit 1000)                   Peak was 563 calls, after 1 s
  0 Running, 1203 Paused, 0 Woken up
  0 dead call msg (discarded)            0 out-of-call msg (discarded)        
  1 open sockets                        

                                 Messages  Retrans   Timeout   Unexpected-Msg
    REGISTER ---------->         1201      66        0                  
         401 <----------         1201      0         0         0        
    REGISTER ---------->         1201      373       0                  
         200 <----------         1201      0         0         0        
------- Waiting for active calls to end. Press [q] again to force exit. -------

----------------------------- Statistics Screen ------- [1-9]: Change Screen --
  Start Time             | 2022-10-18	20:23:59.259948	1666095839.259948         
  Last Reset Time        | 2022-10-18	20:24:01.681181	1666095841.681181         
  Current Time           | 2022-10-18	20:24:01.681254	1666095841.681254         
-------------------------+---------------------------+--------------------------
  Counter Name           | Periodic value            | Cumulative value
-------------------------+---------------------------+--------------------------
  Elapsed Time           | 00:00:00:000000           | 00:00:02:421000          
  Call Rate              |    0.000 cps              |  496.076 cps             
-------------------------+---------------------------+--------------------------
  Incoming call created  |        0                  |        0                 
  OutGoing call created  |        0                  |     1201                 
  Total Call created     |                           |     1201                 
  Current Call           |        0                  |                          
-------------------------+---------------------------+--------------------------
  Successful call        |        0                  |     1201                 
  Failed call            |        0                  |        0                 
-------------------------+---------------------------+--------------------------
  Call Length            | 00:00:00:000000           | 00:00:00:581000          
------- Waiting for active calls to end. Press [q] again to force exit. -------

---------------------------- Repartition Screen ------- [1-9]: Change Screen --
    <No repartion defined>                                                      
  Average Call Length Repartition                                               
           0 ms <= n <        10 ms :          6                                
          10 ms <= n <        50 ms :         54                                
          50 ms <= n <       100 ms :         63                                
         100 ms <= n <       500 ms :        482                                
         500 ms <= n <      1000 ms :        356                                
        1000 ms <= n <      5000 ms :        240                                
        5000 ms <= n <     10000 ms :          0                                
                   n >=    10000 ms :          0                                
------- Waiting for active calls to end. Press [q] again to force exit. -------

