------------------------------ Scenario Screen -------- [1-9]: Change Screen --
  Timestamp: Wed Oct 19 09:35:29 2022

  Call-rate(length)   Port   Total-time  Total-calls  Remote-host
1010.0(0 ms)/1.000s   4055       0.99 s         1000  172.17.95.181:15060(UDP)

  Call limit reached (-m 1000), 0.000 s period  0 ms scheduler resolution
  0 calls (limit 1010)                   Peak was 8 calls, after 0 s
  0 Running, 1001 Paused, 0 Woken up
  999 dead call msg (discarded)          0 out-of-call msg (discarded)        
  1 open sockets                        

                                 Messages  Retrans   Timeout   Unexpected-Msg
    REGISTER ---------->         1000      0         0                  
         401 <----------         1000      0         0         0        
    REGISTER ---------->         1000      0         0                  
         200 <----------         0         0         0         1000     
------- Waiting for active calls to end. Press [q] again to force exit. -------

----------------------------- Statistics Screen ------- [1-9]: Change Screen --
  Start Time             | 2022-10-19	09:35:28.291783	1666143328.291783         
  Last Reset Time        | 2022-10-19	09:35:29.284644	1666143329.284644         
  Current Time           | 2022-10-19	09:35:29.284668	1666143329.284668         
-------------------------+---------------------------+--------------------------
  Counter Name           | Periodic value            | Cumulative value
-------------------------+---------------------------+--------------------------
  Elapsed Time           | 00:00:00:000000           | 00:00:00:992000          
  Call Rate              |    0.000 cps              | 1008.065 cps             
-------------------------+---------------------------+--------------------------
  Incoming call created  |        0                  |        0                 
  OutGoing call created  |        0                  |     1000                 
  Total Call created     |                           |     1000                 
  Current Call           |        0                  |                          
-------------------------+---------------------------+--------------------------
  Successful call        |        0                  |        0                 
  Failed call            |        0                  |     1000                 
-------------------------+---------------------------+--------------------------
  Call Length            | 00:00:00:000000           | 00:00:00:001000          
------- Waiting for active calls to end. Press [q] again to force exit. -------

---------------------------- Repartition Screen ------- [1-9]: Change Screen --
    <No repartion defined>                                                      
  Average Call Length Repartition                                               
           0 ms <= n <        10 ms :       1000                                
          10 ms <= n <        50 ms :          0                                
          50 ms <= n <       100 ms :          0                                
         100 ms <= n <       500 ms :          0                                
         500 ms <= n <      1000 ms :          0                                
        1000 ms <= n <      5000 ms :          0                                
        5000 ms <= n <     10000 ms :          0                                
                   n >=    10000 ms :          0                                
------- Waiting for active calls to end. Press [q] again to force exit. -------

