------------------------------ Scenario Screen -------- [1-9]: Change Screen --
  Timestamp: Tue Oct 18 18:33:53 2022

  Call-rate(length)   Port   Total-time  Total-calls  Remote-host
   7.0(0 ms)/1.000s   4054     930.91 s         5791  172.17.95.180:15060(UDP)

  0 new calls during 0.000 s period      0 ms scheduler resolution
  0 calls (limit 200)                    Peak was 200 calls, after 28 s
  0 Running, 214 Paused, 0 Woken up
  0 dead call msg (discarded)            0 out-of-call msg (discarded)        
  1 open sockets                        

                                 Messages  Retrans   Timeout   Unexpected-Msg
    REGISTER ---------->         5791      0         0                  
         401 <----------         5791      0         0         0        
    REGISTER ---------->         5791      0         0                  
         200 <----------  E-RTD1 5791      0         0         0        
      INVITE ---------->         5791      0         0                  
         100 <----------         5791      0         0         0        
         180 <----------         0         0         0         0        
         183 <----------         0         0         0         0        
         403 <----------         0         0         0         0        
         200 <----------         5791      0         0         0        
         ACK ---------->         5791      0                            
       Pause [    30.0s]         5791                          0        
         BYE ---------->         5791      0         0                  
         200 <----------         5791      0         0         0        

       Pause [   1000ms]         5791                          0        
------- Waiting for active calls to end. Press [q] again to force exit. -------

----------------------------- Statistics Screen ------- [1-9]: Change Screen --
  Start Time             | 2022-10-18	18:18:23.030910	1666088303.030910         
  Last Reset Time        | 2022-10-18	18:33:53.945280	1666089233.945280         
  Current Time           | 2022-10-18	18:33:53.945346	1666089233.945346         
-------------------------+---------------------------+--------------------------
  Counter Name           | Periodic value            | Cumulative value
-------------------------+---------------------------+--------------------------
  Elapsed Time           | 00:00:00:000000           | 00:15:30:914000          
  Call Rate              |    0.000 cps              |    6.221 cps             
-------------------------+---------------------------+--------------------------
  Incoming call created  |        0                  |        0                 
  OutGoing call created  |        0                  |     5791                 
  Total Call created     |                           |     5791                 
  Current Call           |        0                  |                          
-------------------------+---------------------------+--------------------------
  Successful call        |        0                  |     5791                 
  Failed call            |        0                  |        0                 
-------------------------+---------------------------+--------------------------
  Response Time 1        | 00:00:00:000000           | 00:00:00:004000          
  Call Length            | 00:00:00:000000           | 00:00:31:052000          
------- Waiting for active calls to end. Press [q] again to force exit. -------

---------------------------- Repartition Screen ------- [1-9]: Change Screen --
  Average Response Time Repartition 1                                           
           0 ms <= n <        10 ms :       5739                                
          10 ms <= n <        20 ms :         12                                
          20 ms <= n <        30 ms :          5                                
          30 ms <= n <        40 ms :          0                                
          40 ms <= n <        50 ms :          4                                
          50 ms <= n <       100 ms :         15                                
         100 ms <= n <       150 ms :         15                                
         150 ms <= n <       200 ms :          0                                
                   n >=      200 ms :          1                                
  Average Call Length Repartition                                               
           0 ms <= n <        10 ms :          0                                
          10 ms <= n <        50 ms :          0                                
          50 ms <= n <       100 ms :          0                                
         100 ms <= n <       500 ms :          0                                
         500 ms <= n <      1000 ms :          0                                
        1000 ms <= n <      5000 ms :          0                                
        5000 ms <= n <     10000 ms :          0                                
                   n >=    10000 ms :       5791                                
------- Waiting for active calls to end. Press [q] again to force exit. -------

