------------------------------ Scenario Screen -------- [1-9]: Change Screen --
  Timestamp: Sun Oct 16 14:31:15 2022

  Call-rate(length)   Port   Total-time  Total-calls  Remote-host
  17.0(0 ms)/1.000s   4053    3632.18 s        55864  172.17.95.179:15080(UDP)

  0 new calls during 0.000 s period      0 ms scheduler resolution
  0 calls (limit 500)                    Peak was 500 calls, after 29 s
  0 Running, 514 Paused, 0 Woken up
  0 dead call msg (discarded)            0 out-of-call msg (discarded)        
  1 open sockets                        

                                 Messages  Retrans   Timeout   Unexpected-Msg
      INVITE ---------->         55864     0         0                  
         100 <----------         55864     0         0         0        
         180 <----------         0         0         0         0        
         183 <----------         55864     0         0         0        
         403 <----------         0         0         0         0        
         200 <----------         55864     0         0         0        
         ACK ---------->         55864     0                            
       Pause [   1000ms]         55864                         0        
        INFO ---------->         55864     0         0                  
         200 <----------         55864     0         0         0        

       Pause [    30.0s]         55864                         0        
         BYE ---------->         55864     0         0                  
         200 <----------         55864     0         0         0        

       Pause [   1000ms]         55864                         0        
------- Waiting for active calls to end. Press [q] again to force exit. -------

----------------------------- Statistics Screen ------- [1-9]: Change Screen --
  Start Time             | 2022-10-16	13:30:43.045328	1665898243.045328         
  Last Reset Time        | 2022-10-16	14:31:15.232516	1665901875.232516         
  Current Time           | 2022-10-16	14:31:15.232584	1665901875.232584         
-------------------------+---------------------------+--------------------------
  Counter Name           | Periodic value            | Cumulative value
-------------------------+---------------------------+--------------------------
  Elapsed Time           | 00:00:00:000000           | 01:00:32:187000          
  Call Rate              |    0.000 cps              |   15.380 cps             
-------------------------+---------------------------+--------------------------
  Incoming call created  |        0                  |        0                 
  OutGoing call created  |        0                  |    55864                 
  Total Call created     |                           |    55864                 
  Current Call           |        0                  |                          
-------------------------+---------------------------+--------------------------
  Successful call        |        0                  |    55864                 
  Failed call            |        0                  |        0                 
-------------------------+---------------------------+--------------------------
  Call Length            | 00:00:00:000000           | 00:00:32:161000          
------- Waiting for active calls to end. Press [q] again to force exit. -------

---------------------------- Repartition Screen ------- [1-9]: Change Screen --
    <No repartion defined>                                                      
  Average Call Length Repartition                                               
           0 ms <= n <        10 ms :          0                                
          10 ms <= n <        50 ms :          0                                
          50 ms <= n <       100 ms :          0                                
         100 ms <= n <       500 ms :          0                                
         500 ms <= n <      1000 ms :          0                                
        1000 ms <= n <      5000 ms :          0                                
        5000 ms <= n <     10000 ms :          0                                
                   n >=    10000 ms :      55864                                
------- Waiting for active calls to end. Press [q] again to force exit. -------

