------------------------------ Scenario Screen -------- [1-9]: Change Screen --
  Timestamp: Tue Oct 18 21:32:45 2022

  Call-rate(length)   Port   Total-time  Total-calls  Remote-host
  34.0(0 ms)/1.000s   4054     931.03 s        28870  172.17.95.180:15060(UDP)

  0 new calls during 0.000 s period      0 ms scheduler resolution
  0 calls (limit 1000)                   Peak was 1000 calls, after 59 s
  0 Running, 1061 Paused, 85141 Woken up
  0 dead call msg (discarded)            0 out-of-call msg (discarded)        
  1 open sockets                        

                                 Messages  Retrans   Timeout   Unexpected-Msg
    REGISTER ---------->         28870     0         0                  
         401 <----------         28870     0         0         0        
    REGISTER ---------->         28870     0         0                  
         200 <----------  E-RTD1 28870     0         0         0        
      INVITE ---------->         28870     0         0                  
         100 <----------         28870     0         0         0        
         180 <----------         0         0         0         0        
         183 <----------         0         0         0         0        
         403 <----------         0         0         0         0        
         200 <----------         28870     0         0         0        
         ACK ---------->         28870     0                            
       Pause [    30.0s]         28870                         0        
         BYE ---------->         28870     0         0                  
         200 <----------         28870     0         0         0        

       Pause [   1000ms]         28870                         0        
------- Waiting for active calls to end. Press [q] again to force exit. -------

----------------------------- Statistics Screen ------- [1-9]: Change Screen --
  Start Time             | 2022-10-18	21:17:14.913628	1666099034.913628         
  Last Reset Time        | 2022-10-18	21:32:45.954294	1666099965.954294         
  Current Time           | 2022-10-18	21:32:45.954335	1666099965.954335         
-------------------------+---------------------------+--------------------------
  Counter Name           | Periodic value            | Cumulative value
-------------------------+---------------------------+--------------------------
  Elapsed Time           | 00:00:00:000000           | 00:15:31:040000          
  Call Rate              |    0.000 cps              |   31.008 cps             
-------------------------+---------------------------+--------------------------
  Incoming call created  |        0                  |        0                 
  OutGoing call created  |        0                  |    28870                 
  Total Call created     |                           |    28870                 
  Current Call           |        0                  |                          
-------------------------+---------------------------+--------------------------
  Successful call        |        0                  |    28870                 
  Failed call            |        0                  |        0                 
-------------------------+---------------------------+--------------------------
  Response Time 1        | 00:00:00:000000           | 00:00:00:007000          
  Call Length            | 00:00:00:000000           | 00:00:31:055000          
------- Waiting for active calls to end. Press [q] again to force exit. -------

---------------------------- Repartition Screen ------- [1-9]: Change Screen --
  Average Response Time Repartition 1                                           
           0 ms <= n <        10 ms :      27936                                
          10 ms <= n <        20 ms :        182                                
          20 ms <= n <        30 ms :         79                                
          30 ms <= n <        40 ms :         68                                
          40 ms <= n <        50 ms :        105                                
          50 ms <= n <       100 ms :        357                                
         100 ms <= n <       150 ms :        128                                
         150 ms <= n <       200 ms :         12                                
                   n >=      200 ms :          3                                
  Average Call Length Repartition                                               
           0 ms <= n <        10 ms :          0                                
          10 ms <= n <        50 ms :          0                                
          50 ms <= n <       100 ms :          0                                
         100 ms <= n <       500 ms :          0                                
         500 ms <= n <      1000 ms :          0                                
        1000 ms <= n <      5000 ms :          0                                
        5000 ms <= n <     10000 ms :          0                                
                   n >=    10000 ms :      28870                                
------- Waiting for active calls to end. Press [q] again to force exit. -------

