------------------------------ Scenario Screen -------- [1-9]: Change Screen --
  Timestamp: Sat Oct 15 14:42:12 2022

  Call-rate(length)   Port   Total-time  Total-calls  Remote-host
  17.0(0 ms)/1.000s   4052     335.03 s         4701  172.17.95.179:15080(UDP)

  0 new calls during 0.000 s period      0 ms scheduler resolution
  0 calls (limit 500)                    Peak was 500 calls, after 29 s
  0 Running, 510 Paused, 0 Woken up
  0 dead call msg (discarded)            0 out-of-call msg (discarded)        
  1 open sockets                        

                                 Messages  Retrans   Timeout   Unexpected-Msg
      INVITE ---------->         4701      0         0                  
         100 <----------         4701      0         0         0        
         180 <----------         0         0         0         0        
         183 <----------         4701      0         0         0        
         403 <----------         0         0         0         0        
         200 <----------         4701      0         0         0        
         ACK ---------->         4701      0                            
       Pause [   1000ms]         4701                          0        
        INFO ---------->         4701      0         0                  
         200 <----------         4701      0         0         0        

       Pause [    30.0s]         4701                          0        
         BYE ---------->         4701      0         0                  
         200 <----------         4701      0         0         0        

       Pause [   1000ms]         4701                          0        
------- Waiting for active calls to end. Press [q] again to force exit. -------

----------------------------- Statistics Screen ------- [1-9]: Change Screen --
  Start Time             | 2022-10-15	14:36:37.756415	1665815797.756415         
  Last Reset Time        | 2022-10-15	14:42:12.789908	1665816132.789908         
  Current Time           | 2022-10-15	14:42:12.789968	1665816132.789968         
-------------------------+---------------------------+--------------------------
  Counter Name           | Periodic value            | Cumulative value
-------------------------+---------------------------+--------------------------
  Elapsed Time           | 00:00:00:000000           | 00:05:35:033000          
  Call Rate              |    0.000 cps              |   14.031 cps             
-------------------------+---------------------------+--------------------------
  Incoming call created  |        0                  |        0                 
  OutGoing call created  |        0                  |     4701                 
  Total Call created     |                           |     4701                 
  Current Call           |        0                  |                          
-------------------------+---------------------------+--------------------------
  Successful call        |        0                  |     4701                 
  Failed call            |        0                  |        0                 
-------------------------+---------------------------+--------------------------
  Call Length            | 00:00:00:000000           | 00:00:32:169000          
------- Waiting for active calls to end. Press [q] again to force exit. -------

---------------------------- Repartition Screen ------- [1-9]: Change Screen --
    <No repartion defined>                                                      
  Average Call Length Repartition                                               
           0 ms <= n <        10 ms :          0                                
          10 ms <= n <        50 ms :          0                                
          50 ms <= n <       100 ms :          0                                
         100 ms <= n <       500 ms :          0                                
         500 ms <= n <      1000 ms :          0                                
        1000 ms <= n <      5000 ms :          0                                
        5000 ms <= n <     10000 ms :          0                                
                   n >=    10000 ms :       4701                                
------- Waiting for active calls to end. Press [q] again to force exit. -------

