------------------------------ Scenario Screen -------- [1-9]: Change Screen --
  Timestamp: Tue Oct 18 14:39:22 2022

  Call-rate(length)   Port   Total-time  Total-calls  Remote-host
   5.0(0 ms)/1.000s   4051   14431.53 s        59856  172.17.95.179:15080(UDP)

  0 new calls during 0.000 s period      0 ms scheduler resolution
  0 calls (limit 134)                    Peak was 134 calls, after 26 s
  0 Running, 139 Paused, 333275 Woken up
  0 dead call msg (discarded)            0 out-of-call msg (discarded)        
  1 open sockets                        

                                 Messages  Retrans   Timeout   Unexpected-Msg
      INVITE ---------->         59856     0         0                  
         100 <----------         59856     0         0         0        
         180 <----------         0         0         0         0        
         183 <----------         59856     0         0         0        
         403 <----------         0         0         0         0        
         200 <----------         59856     0         0         0        
         ACK ---------->         59856     0                            
       Pause [   1000ms]         59856                         0        
        INFO ---------->         59856     0         0                  
         200 <----------         59856     0         0         0        

       Pause [    30.0s]         59856                         0        
         BYE ---------->         59856     0         0                  
         200 <----------         59856     0         0         0        

       Pause [   1000ms]         59856                         0        
------- Waiting for active calls to end. Press [q] again to force exit. -------

----------------------------- Statistics Screen ------- [1-9]: Change Screen --
  Start Time             | 2022-10-18	10:38:50.673681	1666060730.673681         
  Last Reset Time        | 2022-10-18	14:39:22.205649	1666075162.205649         
  Current Time           | 2022-10-18	14:39:22.205683	1666075162.205683         
-------------------------+---------------------------+--------------------------
  Counter Name           | Periodic value            | Cumulative value
-------------------------+---------------------------+--------------------------
  Elapsed Time           | 00:00:00:000000           | 04:00:31:532000          
  Call Rate              |    0.000 cps              |    4.148 cps             
-------------------------+---------------------------+--------------------------
  Incoming call created  |        0                  |        0                 
  OutGoing call created  |        0                  |    59856                 
  Total Call created     |                           |    59856                 
  Current Call           |        0                  |                          
-------------------------+---------------------------+--------------------------
  Successful call        |        0                  |    59856                 
  Failed call            |        0                  |        0                 
-------------------------+---------------------------+--------------------------
  Call Length            | 00:00:00:000000           | 00:00:32:154000          
------- Waiting for active calls to end. Press [q] again to force exit. -------

---------------------------- Repartition Screen ------- [1-9]: Change Screen --
    <No repartion defined>                                                      
  Average Call Length Repartition                                               
           0 ms <= n <        10 ms :          0                                
          10 ms <= n <        50 ms :          0                                
          50 ms <= n <       100 ms :          0                                
         100 ms <= n <       500 ms :          0                                
         500 ms <= n <      1000 ms :          0                                
        1000 ms <= n <      5000 ms :          0                                
        5000 ms <= n <     10000 ms :          0                                
                   n >=    10000 ms :      59856                                
------- Waiting for active calls to end. Press [q] again to force exit. -------

