------------------------------ Scenario Screen -------- [1-9]: Change Screen --
  Timestamp: Tue Oct 18 17:07:19 2022

  Call-rate(length)   Port   Total-time  Total-calls  Remote-host
  17.0(0 ms)/1.000s   4053     932.01 s        14000  172.17.95.179:15080(UDP)

  0 new calls during 0.000 s period      0 ms scheduler resolution
  0 calls (limit 500)                    Peak was 500 calls, after 29 s
  0 Running, 514 Paused, 0 Woken up
  0 dead call msg (discarded)            0 out-of-call msg (discarded)        
  1 open sockets                        

                                 Messages  Retrans   Timeout   Unexpected-Msg
      INVITE ---------->         14000     0         0                  
         100 <----------         14000     0         0         0        
         180 <----------         0         0         0         0        
         183 <----------         14000     0         0         0        
         403 <----------         0         0         0         0        
         200 <----------         14000     0         0         0        
         ACK ---------->         14000     0                            
       Pause [   1000ms]         14000                         0        
        INFO ---------->         14000     0         0                  
         200 <----------         14000     0         0         0        

       Pause [    30.0s]         14000                         0        
         BYE ---------->         14000     0         0                  
         200 <----------         14000     0         0         0        

       Pause [   1000ms]         14000                         0        
------- Waiting for active calls to end. Press [q] again to force exit. -------

----------------------------- Statistics Screen ------- [1-9]: Change Screen --
  Start Time             | 2022-10-18	16:51:47.524703	1666083107.524703         
  Last Reset Time        | 2022-10-18	17:07:19.537974	1666084039.537974         
  Current Time           | 2022-10-18	17:07:19.538044	1666084039.538044         
-------------------------+---------------------------+--------------------------
  Counter Name           | Periodic value            | Cumulative value
-------------------------+---------------------------+--------------------------
  Elapsed Time           | 00:00:00:000000           | 00:15:32:013000          
  Call Rate              |    0.000 cps              |   15.021 cps             
-------------------------+---------------------------+--------------------------
  Incoming call created  |        0                  |        0                 
  OutGoing call created  |        0                  |    14000                 
  Total Call created     |                           |    14000                 
  Current Call           |        0                  |                          
-------------------------+---------------------------+--------------------------
  Successful call        |        0                  |    14000                 
  Failed call            |        0                  |        0                 
-------------------------+---------------------------+--------------------------
  Call Length            | 00:00:00:000000           | 00:00:32:155000          
------- Waiting for active calls to end. Press [q] again to force exit. -------

---------------------------- Repartition Screen ------- [1-9]: Change Screen --
    <No repartion defined>                                                      
  Average Call Length Repartition                                               
           0 ms <= n <        10 ms :          0                                
          10 ms <= n <        50 ms :          0                                
          50 ms <= n <       100 ms :          0                                
         100 ms <= n <       500 ms :          0                                
         500 ms <= n <      1000 ms :          0                                
        1000 ms <= n <      5000 ms :          0                                
        5000 ms <= n <     10000 ms :          0                                
                   n >=    10000 ms :      14000                                
------- Waiting for active calls to end. Press [q] again to force exit. -------

