------------------------------ Scenario Screen -------- [1-9]: Change Screen --
  Timestamp: Thu Oct 20 11:39:49 2022

  Call-rate(length)   Port   Total-time  Total-calls  Remote-host
   9.0(0 ms)/1.000s   4054    1482.83 s        11672  172.17.95.180:15060(UDP)

  0 new calls during 0.000 s period      0 ms scheduler resolution
  0 calls (limit 250)                    Peak was 250 calls, after 27 s
  0 Running, 268 Paused, 0 Woken up
  0 dead call msg (discarded)            0 out-of-call msg (discarded)        
  1 open sockets                        

                                 Messages  Retrans   Timeout   Unexpected-Msg
    REGISTER ---------->         11672     0         0                  
         401 <----------         11672     0         0         0        
    REGISTER ---------->         11672     0         0                  
         200 <----------  E-RTD1 11672     0         0         0        
      INVITE ---------->         11672     0         0                  
         100 <----------         11672     0         0         0        
         180 <----------         0         0         0         0        
         183 <----------         0         0         0         0        
         403 <----------         0         0         0         0        
         200 <----------         11672     0         0         0        
         ACK ---------->         11672     0                            
       Pause [    30.0s]         11672                         0        
         BYE ---------->         11672     0         0                  
         200 <----------         11672     0         0         0        

       Pause [   1000ms]         11672                         0        
------- Waiting for active calls to end. Press [q] again to force exit. -------

----------------------------- Statistics Screen ------- [1-9]: Change Screen --
  Start Time             | 2022-10-20	11:15:06.194299	1666235706.194299         
  Last Reset Time        | 2022-10-20	11:39:49.027812	1666237189.027812         
  Current Time           | 2022-10-20	11:39:49.027883	1666237189.027883         
-------------------------+---------------------------+--------------------------
  Counter Name           | Periodic value            | Cumulative value
-------------------------+---------------------------+--------------------------
  Elapsed Time           | 00:00:00:000000           | 00:24:42:833000          
  Call Rate              |    0.000 cps              |    7.871 cps             
-------------------------+---------------------------+--------------------------
  Incoming call created  |        0                  |        0                 
  OutGoing call created  |        0                  |    11672                 
  Total Call created     |                           |    11672                 
  Current Call           |        0                  |                          
-------------------------+---------------------------+--------------------------
  Successful call        |        0                  |    11672                 
  Failed call            |        0                  |        0                 
-------------------------+---------------------------+--------------------------
  Response Time 1        | 00:00:00:000000           | 00:00:00:006000          
  Call Length            | 00:00:00:000000           | 00:00:31:054000          
------- Waiting for active calls to end. Press [q] again to force exit. -------

---------------------------- Repartition Screen ------- [1-9]: Change Screen --
  Average Response Time Repartition 1                                           
           0 ms <= n <        10 ms :      11459                                
          10 ms <= n <        20 ms :         27                                
          20 ms <= n <        30 ms :         28                                
          30 ms <= n <        40 ms :         27                                
          40 ms <= n <        50 ms :         12                                
          50 ms <= n <       100 ms :         67                                
         100 ms <= n <       150 ms :         49                                
         150 ms <= n <       200 ms :          0                                
                   n >=      200 ms :          3                                
  Average Call Length Repartition                                               
           0 ms <= n <        10 ms :          0                                
          10 ms <= n <        50 ms :          0                                
          50 ms <= n <       100 ms :          0                                
         100 ms <= n <       500 ms :          0                                
         500 ms <= n <      1000 ms :          0                                
        1000 ms <= n <      5000 ms :          0                                
        5000 ms <= n <     10000 ms :          0                                
                   n >=    10000 ms :      11672                                
------- Waiting for active calls to end. Press [q] again to force exit. -------

