------------------------------ Scenario Screen -------- [1-9]: Change Screen --
  Timestamp: Sat Oct 15 13:41:05 2022

  Call-rate(length)   Port   Total-time  Total-calls  Remote-host
  17.0(0 ms)/1.000s   4051     932.15 s        13970  172.17.95.179:15080(UDP)

  0 new calls during 0.000 s period      0 ms scheduler resolution
  0 calls (limit 500)                    Peak was 500 calls, after 31 s
  0 Running, 512 Paused, 58865 Woken up
  0 dead call msg (discarded)            0 out-of-call msg (discarded)        
  1 open sockets                        

                                 Messages  Retrans   Timeout   Unexpected-Msg
      INVITE ---------->         13970     0         0                  
         100 <----------         13970     0         0         0        
         180 <----------         0         0         0         0        
         183 <----------         13970     0         0         0        
         403 <----------         0         0         0         0        
         200 <----------         13970     0         0         0        
         ACK ---------->         13970     0                            
       Pause [   1000ms]         13970                         0        
        INFO ---------->         13970     0         0                  
         200 <----------         13970     0         0         0        

       Pause [    30.0s]         13970                         0        
         BYE ---------->         13970     0         0                  
         200 <----------         13970     0         0         0        

       Pause [   1000ms]         13970                         0        
------- Waiting for active calls to end. Press [q] again to force exit. -------

----------------------------- Statistics Screen ------- [1-9]: Change Screen --
  Start Time             | 2022-10-15	13:25:33.519035	1665811533.519035         
  Last Reset Time        | 2022-10-15	13:41:05.678163	1665812465.678163         
  Current Time           | 2022-10-15	13:41:05.678198	1665812465.678198         
-------------------------+---------------------------+--------------------------
  Counter Name           | Periodic value            | Cumulative value
-------------------------+---------------------------+--------------------------
  Elapsed Time           | 00:00:00:000000           | 00:15:32:159000          
  Call Rate              |    0.000 cps              |   14.987 cps             
-------------------------+---------------------------+--------------------------
  Incoming call created  |        0                  |        0                 
  OutGoing call created  |        0                  |    13970                 
  Total Call created     |                           |    13970                 
  Current Call           |        0                  |                          
-------------------------+---------------------------+--------------------------
  Successful call        |        0                  |    13970                 
  Failed call            |        0                  |        0                 
-------------------------+---------------------------+--------------------------
  Call Length            | 00:00:00:000000           | 00:00:32:154000          
------- Waiting for active calls to end. Press [q] again to force exit. -------

---------------------------- Repartition Screen ------- [1-9]: Change Screen --
    <No repartion defined>                                                      
  Average Call Length Repartition                                               
           0 ms <= n <        10 ms :          0                                
          10 ms <= n <        50 ms :          0                                
          50 ms <= n <       100 ms :          0                                
         100 ms <= n <       500 ms :          0                                
         500 ms <= n <      1000 ms :          0                                
        1000 ms <= n <      5000 ms :          0                                
        5000 ms <= n <     10000 ms :          0                                
                   n >=    10000 ms :      13970                                
------- Waiting for active calls to end. Press [q] again to force exit. -------

