------------------------------ Scenario Screen -------- [1-9]: Change Screen --
  Timestamp: Wed Oct 19 10:43:19 2022

  Call-rate(length)   Port   Total-time  Total-calls  Remote-host
  17.0(0 ms)/1.000s   4051     810.05 s        12050  172.17.95.179:15080(UDP)

  0 new calls during 0.000 s period      0 ms scheduler resolution
  0 calls (limit 500)                    Peak was 500 calls, after 29 s
  0 Running, 513 Paused, 0 Woken up
  0 dead call msg (discarded)            0 out-of-call msg (discarded)        
  1 open sockets                        

                                 Messages  Retrans   Timeout   Unexpected-Msg
      INVITE ---------->         12050     0         0                  
         100 <----------         12050     0         0         0        
         180 <----------         0         0         0         0        
         183 <----------         12050     0         0         0        
         403 <----------         0         0         0         0        
         200 <----------         12050     0         0         0        
         ACK ---------->         12050     0                            
       Pause [   1000ms]         12050                         0        
        INFO ---------->         12050     0         0                  
         200 <----------         12050     0         0         0        

       Pause [    30.0s]         12050                         0        
         BYE ---------->         12050     0         0                  
         200 <----------         12050     0         0         0        

       Pause [   1000ms]         12050                         0        
------- Waiting for active calls to end. Press [q] again to force exit. -------

----------------------------- Statistics Screen ------- [1-9]: Change Screen --
  Start Time             | 2022-10-19	10:29:49.198839	1666146589.198839         
  Last Reset Time        | 2022-10-19	10:43:19.250839	1666147399.250839         
  Current Time           | 2022-10-19	10:43:19.250910	1666147399.250910         
-------------------------+---------------------------+--------------------------
  Counter Name           | Periodic value            | Cumulative value
-------------------------+---------------------------+--------------------------
  Elapsed Time           | 00:00:00:000000           | 00:13:30:052000          
  Call Rate              |    0.000 cps              |   14.876 cps             
-------------------------+---------------------------+--------------------------
  Incoming call created  |        0                  |        0                 
  OutGoing call created  |        0                  |    12050                 
  Total Call created     |                           |    12050                 
  Current Call           |        0                  |                          
-------------------------+---------------------------+--------------------------
  Successful call        |        0                  |    12050                 
  Failed call            |        0                  |        0                 
-------------------------+---------------------------+--------------------------
  Call Length            | 00:00:00:000000           | 00:00:32:198000          
------- Waiting for active calls to end. Press [q] again to force exit. -------

---------------------------- Repartition Screen ------- [1-9]: Change Screen --
    <No repartion defined>                                                      
  Average Call Length Repartition                                               
           0 ms <= n <        10 ms :          0                                
          10 ms <= n <        50 ms :          0                                
          50 ms <= n <       100 ms :          0                                
         100 ms <= n <       500 ms :          0                                
         500 ms <= n <      1000 ms :          0                                
        1000 ms <= n <      5000 ms :          0                                
        5000 ms <= n <     10000 ms :          0                                
                   n >=    10000 ms :      12050                                
------- Waiting for active calls to end. Press [q] again to force exit. -------

