------------------------------ Scenario Screen -------- [1-9]: Change Screen --
  Timestamp: Tue Oct 18 20:08:43 2022

  Call-rate(length)   Port   Total-time  Total-calls  Remote-host
 128.0(0 ms)/1.000s   4051     969.99 s        91840  172.17.95.179:15080(UDP)

  0 new calls during 0.000 s period      0 ms scheduler resolution
  0 calls (limit 4000)                   Peak was 4000 calls, after 107 s
  0 Running, 164 Paused, 0 Woken up
  0 dead call msg (discarded)            0 out-of-call msg (discarded)        
  1 open sockets                        

                                 Messages  Retrans   Timeout   Unexpected-Msg
      INVITE ---------->         91840     0         0                  
         100 <----------         91808     0         0         32       
         180 <----------         0         0         0         3        
         183 <----------         91805     486       0         0        
         403 <----------         0         0         0         0        
         200 <----------         91805     0         0         0        
         ACK ---------->         91805     0                            
       Pause [   1000ms]         91805                         0        
        INFO ---------->         91805     0         0                  
         200 <----------         91805     0         0         0        

       Pause [    30.0s]         91805                         0        
         BYE ---------->         91805     0         0                  
         200 <----------         91805     0         0         0        

       Pause [   1000ms]         91805                         0        
------- Waiting for active calls to end. Press [q] again to force exit. -------

----------------------------- Statistics Screen ------- [1-9]: Change Screen --
  Start Time             | 2022-10-18	19:52:33.192983	1666093953.192983         
  Last Reset Time        | 2022-10-18	20:08:43.187406	1666094923.187406         
  Current Time           | 2022-10-18	20:08:43.187450	1666094923.187450         
-------------------------+---------------------------+--------------------------
  Counter Name           | Periodic value            | Cumulative value
-------------------------+---------------------------+--------------------------
  Elapsed Time           | 00:00:00:000000           | 00:16:09:994000          
  Call Rate              |    0.000 cps              |   94.681 cps             
-------------------------+---------------------------+--------------------------
  Incoming call created  |        0                  |        0                 
  OutGoing call created  |        0                  |    91840                 
  Total Call created     |                           |    91840                 
  Current Call           |        0                  |                          
-------------------------+---------------------------+--------------------------
  Successful call        |        0                  |    91805                 
  Failed call            |        0                  |       35                 
-------------------------+---------------------------+--------------------------
  Call Length            | 00:00:00:000000           | 00:00:37:282000          
------- Waiting for active calls to end. Press [q] again to force exit. -------

---------------------------- Repartition Screen ------- [1-9]: Change Screen --
    <No repartion defined>                                                      
  Average Call Length Repartition                                               
           0 ms <= n <        10 ms :         32                                
          10 ms <= n <        50 ms :          0                                
          50 ms <= n <       100 ms :          0                                
         100 ms <= n <       500 ms :          3                                
         500 ms <= n <      1000 ms :          0                                
        1000 ms <= n <      5000 ms :          0                                
        5000 ms <= n <     10000 ms :          0                                
                   n >=    10000 ms :      91805                                
------- Waiting for active calls to end. Press [q] again to force exit. -------

