------------------------------ Scenario Screen -------- [1-9]: Change Screen --
  Timestamp: Sun Oct 16 12:25:55 2022

  Call-rate(length)   Port   Total-time  Total-calls  Remote-host
  17.0(0 ms)/1.000s   4054     325.75 s         2500  172.17.95.180:15060(UDP)

  0 new calls during 0.000 s period      0 ms scheduler resolution
  0 calls (limit 250)                    Peak was 250 calls, after 14 s
  0 Running, 285 Paused, 13309 Woken up
  0 dead call msg (discarded)            0 out-of-call msg (discarded)        
  1 open sockets                        

                                 Messages  Retrans   Timeout   Unexpected-Msg
    REGISTER ---------->         2500      0         0                  
         401 <----------         2500      0         0         0        
    REGISTER ---------->         2500      0         0                  
         200 <----------  E-RTD1 2500      0         0         0        
      INVITE ---------->         2500      0         0                  
         100 <----------         2500      0         0         0        
         180 <----------         0         0         0         0        
         183 <----------         0         0         0         0        
         403 <----------         0         0         0         0        
         200 <----------         2500      0         0         0        
         ACK ---------->         2500      0                            
       Pause [    30.0s]         2500                          0        
         BYE ---------->         2500      0         0                  
         200 <----------         2500      0         0         0        

       Pause [   1000ms]         2500                          0        
------- Waiting for active calls to end. Press [q] again to force exit. -------

----------------------------- Statistics Screen ------- [1-9]: Change Screen --
  Start Time             | 2022-10-16	12:20:30.149292	1665894030.149292         
  Last Reset Time        | 2022-10-16	12:25:55.909469	1665894355.909469         
  Current Time           | 2022-10-16	12:25:55.909510	1665894355.909510         
-------------------------+---------------------------+--------------------------
  Counter Name           | Periodic value            | Cumulative value
-------------------------+---------------------------+--------------------------
  Elapsed Time           | 00:00:00:000000           | 00:05:25:760000          
  Call Rate              |    0.000 cps              |    7.674 cps             
-------------------------+---------------------------+--------------------------
  Incoming call created  |        0                  |        0                 
  OutGoing call created  |        0                  |     2500                 
  Total Call created     |                           |     2500                 
  Current Call           |        0                  |                          
-------------------------+---------------------------+--------------------------
  Successful call        |        0                  |     2500                 
  Failed call            |        0                  |        0                 
-------------------------+---------------------------+--------------------------
  Response Time 1        | 00:00:00:000000           | 00:00:00:004000          
  Call Length            | 00:00:00:000000           | 00:00:31:051000          
------- Waiting for active calls to end. Press [q] again to force exit. -------

---------------------------- Repartition Screen ------- [1-9]: Change Screen --
  Average Response Time Repartition 1                                           
           0 ms <= n <        10 ms :       2464                                
          10 ms <= n <        20 ms :          2                                
          20 ms <= n <        30 ms :          6                                
          30 ms <= n <        40 ms :          0                                
          40 ms <= n <        50 ms :          8                                
          50 ms <= n <       100 ms :         15                                
         100 ms <= n <       150 ms :          5                                
         150 ms <= n <       200 ms :          0                                
                   n >=      200 ms :          0                                
  Average Call Length Repartition                                               
           0 ms <= n <        10 ms :          0                                
          10 ms <= n <        50 ms :          0                                
          50 ms <= n <       100 ms :          0                                
         100 ms <= n <       500 ms :          0                                
         500 ms <= n <      1000 ms :          0                                
        1000 ms <= n <      5000 ms :          0                                
        5000 ms <= n <     10000 ms :          0                                
                   n >=    10000 ms :       2500                                
------- Waiting for active calls to end. Press [q] again to force exit. -------

