------------------------------ Scenario Screen -------- [1-9]: Change Screen --
  Timestamp: Mon Oct 17 15:36:23 2022

  Call-rate(length)   Port   Total-time  Total-calls  Remote-host
   7.0(0 ms)/1.000s   4054   14430.91 s        92456  172.17.95.180:15060(UDP)

  0 new calls during 0.000 s period      0 ms scheduler resolution
  0 calls (limit 200)                    Peak was 200 calls, after 28 s
  0 Running, 212 Paused, 122392 Woken up
  0 dead call msg (discarded)            0 out-of-call msg (discarded)        
  1 open sockets                        

                                 Messages  Retrans   Timeout   Unexpected-Msg
    REGISTER ---------->         92456     0         0                  
         401 <----------         92456     0         0         0        
    REGISTER ---------->         92456     0         0                  
         200 <----------  E-RTD1 92456     0         0         0        
      INVITE ---------->         92456     0         0                  
         100 <----------         92456     0         0         0        
         180 <----------         0         0         0         0        
         183 <----------         0         0         0         0        
         403 <----------         0         0         0         0        
         200 <----------         92456     0         0         0        
         ACK ---------->         92456     0                            
       Pause [    30.0s]         92456                         0        
         BYE ---------->         92456     0         0                  
         200 <----------         92456     0         0         0        

       Pause [   1000ms]         92456                         0        
------- Waiting for active calls to end. Press [q] again to force exit. -------

----------------------------- Statistics Screen ------- [1-9]: Change Screen --
  Start Time             | 2022-10-17	11:35:52.858058	1665977752.858058         
  Last Reset Time        | 2022-10-17	15:36:23.771217	1665992183.771217         
  Current Time           | 2022-10-17	15:36:23.771256	1665992183.771256         
-------------------------+---------------------------+--------------------------
  Counter Name           | Periodic value            | Cumulative value
-------------------------+---------------------------+--------------------------
  Elapsed Time           | 00:00:00:000000           | 04:00:30:913000          
  Call Rate              |    0.000 cps              |    6.407 cps             
-------------------------+---------------------------+--------------------------
  Incoming call created  |        0                  |        0                 
  OutGoing call created  |        0                  |    92456                 
  Total Call created     |                           |    92456                 
  Current Call           |        0                  |                          
-------------------------+---------------------------+--------------------------
  Successful call        |        0                  |    92456                 
  Failed call            |        0                  |        0                 
-------------------------+---------------------------+--------------------------
  Response Time 1        | 00:00:00:000000           | 00:00:00:005000          
  Call Length            | 00:00:00:000000           | 00:00:31:052000          
------- Waiting for active calls to end. Press [q] again to force exit. -------

---------------------------- Repartition Screen ------- [1-9]: Change Screen --
  Average Response Time Repartition 1                                           
           0 ms <= n <        10 ms :      91510                                
          10 ms <= n <        20 ms :        213                                
          20 ms <= n <        30 ms :         50                                
          30 ms <= n <        40 ms :         35                                
          40 ms <= n <        50 ms :         35                                
          50 ms <= n <       100 ms :        284                                
         100 ms <= n <       150 ms :        308                                
         150 ms <= n <       200 ms :          4                                
                   n >=      200 ms :         17                                
  Average Call Length Repartition                                               
           0 ms <= n <        10 ms :          0                                
          10 ms <= n <        50 ms :          0                                
          50 ms <= n <       100 ms :          0                                
         100 ms <= n <       500 ms :          0                                
         500 ms <= n <      1000 ms :          0                                
        1000 ms <= n <      5000 ms :          0                                
        5000 ms <= n <     10000 ms :          0                                
                   n >=    10000 ms :      92456                                
------- Waiting for active calls to end. Press [q] again to force exit. -------

