------------------------------ Scenario Screen -------- [1-9]: Change Screen --
  Timestamp: Wed Oct 19 10:59:42 2022

  Call-rate(length)   Port   Total-time  Total-calls  Remote-host
 110.0(0 ms)/1.000s   4051     112.69 s         8485  172.17.95.179:15080(UDP)

  0 new calls during 0.000 s period      0 ms scheduler resolution
  0 calls (limit 4000)                   Peak was 3631 calls, after 75 s
  0 Running, 3233 Paused, 0 Woken up
  0 dead call msg (discarded)            0 out-of-call msg (discarded)        
  1 open sockets                        

                                 Messages  Retrans   Timeout   Unexpected-Msg
      INVITE ---------->         8485      0         0                  
         100 <----------         8485      0         0         0        
         180 <----------         0         0         0         0        
         183 <----------         8485      0         0         0        
         403 <----------         0         0         0         0        
         200 <----------         8485      0         0         0        
         ACK ---------->         8485      0                            
       Pause [   1000ms]         8485                          0        
        INFO ---------->         8485      0         0                  
         200 <----------         8485      0         0         0        

       Pause [    30.0s]         8485                          106      
         BYE ---------->         8379      0         0                  
         200 <----------         8379      0         0         0        

       Pause [   1000ms]         8379                          0        
------- Waiting for active calls to end. Press [q] again to force exit. -------

----------------------------- Statistics Screen ------- [1-9]: Change Screen --
  Start Time             | 2022-10-19	10:57:50.145686	1666148270.145686         
  Last Reset Time        | 2022-10-19	10:59:42.839382	1666148382.839382         
  Current Time           | 2022-10-19	10:59:42.839422	1666148382.839422         
-------------------------+---------------------------+--------------------------
  Counter Name           | Periodic value            | Cumulative value
-------------------------+---------------------------+--------------------------
  Elapsed Time           | 00:00:00:000000           | 00:01:52:693000          
  Call Rate              |    0.000 cps              |   75.293 cps             
-------------------------+---------------------------+--------------------------
  Incoming call created  |        0                  |        0                 
  OutGoing call created  |        0                  |     8485                 
  Total Call created     |                           |     8485                 
  Current Call           |        0                  |                          
-------------------------+---------------------------+--------------------------
  Successful call        |        0                  |     8379                 
  Failed call            |        0                  |      106                 
-------------------------+---------------------------+--------------------------
  Call Length            | 00:00:00:000000           | 00:00:32:499000          
------- Waiting for active calls to end. Press [q] again to force exit. -------

---------------------------- Repartition Screen ------- [1-9]: Change Screen --
    <No repartion defined>                                                      
  Average Call Length Repartition                                               
           0 ms <= n <        10 ms :          0                                
          10 ms <= n <        50 ms :          0                                
          50 ms <= n <       100 ms :          0                                
         100 ms <= n <       500 ms :          0                                
         500 ms <= n <      1000 ms :          0                                
        1000 ms <= n <      5000 ms :         22                                
        5000 ms <= n <     10000 ms :         16                                
                   n >=    10000 ms :       8447                                
------- Waiting for active calls to end. Press [q] again to force exit. -------

