------------------------------ Scenario Screen -------- [1-9]: Change Screen --
  Timestamp: Thu Oct 20 09:27:32 2022

  Call-rate(length)   Port   Total-time  Total-calls  Remote-host
  15.0(0 ms)/1.000s   4051   58924.41 s       913836  172.17.95.179:15080(UDP)

  0 new calls during 0.000 s period      0 ms scheduler resolution
  0 calls (limit 500)                    Peak was 500 calls, after 29 s
  0 Running, 497 Paused, 5965 Woken up
  0 dead call msg (discarded)            0 out-of-call msg (discarded)        
  1 open sockets                        

                                 Messages  Retrans   Timeout   Unexpected-Msg
      INVITE ---------->         913836    0         0                  
         100 <----------         913836    0         0         0        
         180 <----------         0         0         0         0        
         183 <----------         913836    0         0         0        
         403 <----------         0         0         0         0        
         200 <----------         913836    0         0         0        
         ACK ---------->         913836    0                            
       Pause [   1000ms]         913836                        0        
        INFO ---------->         913836    0         0                  
         200 <----------         913836    0         0         0        

       Pause [    30.0s]         913836                        0        
         BYE ---------->         913836    0         0                  
         200 <----------         913836    0         0         0        

       Pause [   1000ms]         913836                        0        
------- Waiting for active calls to end. Press [q] again to force exit. -------

----------------------------- Statistics Screen ------- [1-9]: Change Screen --
  Start Time             | 2022-10-19	17:05:27.966594	1666170327.966594         
  Last Reset Time        | 2022-10-20	09:27:32.382272	1666229252.382272         
  Current Time           | 2022-10-20	09:27:32.382301	1666229252.382301         
-------------------------+---------------------------+--------------------------
  Counter Name           | Periodic value            | Cumulative value
-------------------------+---------------------------+--------------------------
  Elapsed Time           | 00:00:00:000000           | 16:22:04:415000          
  Call Rate              |    0.000 cps              |   15.509 cps             
-------------------------+---------------------------+--------------------------
  Incoming call created  |        0                  |        0                 
  OutGoing call created  |        0                  |   913836                 
  Total Call created     |                           |   913836                 
  Current Call           |        0                  |                          
-------------------------+---------------------------+--------------------------
  Successful call        |        0                  |   913836                 
  Failed call            |        0                  |        0                 
-------------------------+---------------------------+--------------------------
  Call Length            | 00:00:00:000000           | 00:00:32:155000          
------- Waiting for active calls to end. Press [q] again to force exit. -------

---------------------------- Repartition Screen ------- [1-9]: Change Screen --
    <No repartion defined>                                                      
  Average Call Length Repartition                                               
           0 ms <= n <        10 ms :          0                                
          10 ms <= n <        50 ms :          0                                
          50 ms <= n <       100 ms :          0                                
         100 ms <= n <       500 ms :          0                                
         500 ms <= n <      1000 ms :          0                                
        1000 ms <= n <      5000 ms :          0                                
        5000 ms <= n <     10000 ms :          0                                
                   n >=    10000 ms :     913836                                
------- Waiting for active calls to end. Press [q] again to force exit. -------

