------------------------------ Scenario Screen -------- [1-9]: Change Screen --
  Timestamp: Thu Oct 20 09:27:32 2022

  Call-rate(length)   Port   Total-time  Total-calls  Remote-host
  15.0(0 ms)/1.000s   4052   58917.46 s       913662  172.17.95.179:15080(UDP)

  0 new calls during 0.000 s period      0 ms scheduler resolution
  0 calls (limit 500)                    Peak was 500 calls, after 29 s
  0 Running, 496 Paused, 5984 Woken up
  0 dead call msg (discarded)            0 out-of-call msg (discarded)        
  1 open sockets                        

                                 Messages  Retrans   Timeout   Unexpected-Msg
      INVITE ---------->         913662    0         0                  
         100 <----------         913662    0         0         0        
         180 <----------         0         0         0         0        
         183 <----------         913662    0         0         0        
         403 <----------         0         0         0         0        
         200 <----------         913662    0         0         0        
         ACK ---------->         913662    0                            
       Pause [   1000ms]         913662                        0        
        INFO ---------->         913662    0         0                  
         200 <----------         913662    0         0         0        

       Pause [    30.0s]         913662                        0        
         BYE ---------->         913662    0         0                  
         200 <----------         913662    0         0         0        

       Pause [   1000ms]         913662                        0        
------- Waiting for active calls to end. Press [q] again to force exit. -------

----------------------------- Statistics Screen ------- [1-9]: Change Screen --
  Start Time             | 2022-10-19	17:05:34.913344	1666170334.913344         
  Last Reset Time        | 2022-10-20	09:27:32.379858	1666229252.379858         
  Current Time           | 2022-10-20	09:27:32.379894	1666229252.379894         
-------------------------+---------------------------+--------------------------
  Counter Name           | Periodic value            | Cumulative value
-------------------------+---------------------------+--------------------------
  Elapsed Time           | 00:00:00:000000           | 16:21:57:466000          
  Call Rate              |    0.000 cps              |   15.507 cps             
-------------------------+---------------------------+--------------------------
  Incoming call created  |        0                  |        0                 
  OutGoing call created  |        0                  |   913662                 
  Total Call created     |                           |   913662                 
  Current Call           |        0                  |                          
-------------------------+---------------------------+--------------------------
  Successful call        |        0                  |   913662                 
  Failed call            |        0                  |        0                 
-------------------------+---------------------------+--------------------------
  Call Length            | 00:00:00:000000           | 00:00:32:157000          
------- Waiting for active calls to end. Press [q] again to force exit. -------

---------------------------- Repartition Screen ------- [1-9]: Change Screen --
    <No repartion defined>                                                      
  Average Call Length Repartition                                               
           0 ms <= n <        10 ms :          0                                
          10 ms <= n <        50 ms :          0                                
          50 ms <= n <       100 ms :          0                                
         100 ms <= n <       500 ms :          0                                
         500 ms <= n <      1000 ms :          0                                
        1000 ms <= n <      5000 ms :          0                                
        5000 ms <= n <     10000 ms :          0                                
                   n >=    10000 ms :     913662                                
------- Waiting for active calls to end. Press [q] again to force exit. -------

