------------------------------ Scenario Screen -------- [1-9]: Change Screen --
  Timestamp: Thu Oct 20 11:55:00 2022

  Call-rate(length)   Port   Total-time  Total-calls  Remote-host
  17.0(0 ms)/1.000s   4051      42.03 s          168  172.17.95.179:15080(UDP)

  0 new calls during 0.000 s period      0 ms scheduler resolution
  0 calls (limit 500)                    Peak was 168 calls, after 9 s
  0 Running, 169 Paused, 0 Woken up
  0 dead call msg (discarded)            0 out-of-call msg (discarded)        
  1 open sockets                        

                                 Messages  Retrans   Timeout   Unexpected-Msg
      INVITE ---------->         168       0         0                  
         100 <----------         168       0         0         0        
         180 <----------         0         0         0         0        
         183 <----------         168       0         0         0        
         403 <----------         0         0         0         0        
         200 <----------         168       0         0         0        
         ACK ---------->         168       0                            
       Pause [   1000ms]         168                           0        
        INFO ---------->         168       0         0                  
         200 <----------         168       0         0         0        

       Pause [    30.0s]         168                           0        
         BYE ---------->         168       0         0                  
         200 <----------         168       0         0         0        

       Pause [   1000ms]         168                           0        
------- Waiting for active calls to end. Press [q] again to force exit. -------

----------------------------- Statistics Screen ------- [1-9]: Change Screen --
  Start Time             | 2022-10-20	11:54:18.348914	1666238058.348914         
  Last Reset Time        | 2022-10-20	11:55:00.381256	1666238100.381256         
  Current Time           | 2022-10-20	11:55:00.381323	1666238100.381323         
-------------------------+---------------------------+--------------------------
  Counter Name           | Periodic value            | Cumulative value
-------------------------+---------------------------+--------------------------
  Elapsed Time           | 00:00:00:000000           | 00:00:42:032000          
  Call Rate              |    0.000 cps              |    3.997 cps             
-------------------------+---------------------------+--------------------------
  Incoming call created  |        0                  |        0                 
  OutGoing call created  |        0                  |      168                 
  Total Call created     |                           |      168                 
  Current Call           |        0                  |                          
-------------------------+---------------------------+--------------------------
  Successful call        |        0                  |      168                 
  Failed call            |        0                  |        0                 
-------------------------+---------------------------+--------------------------
  Call Length            | 00:00:00:000000           | 00:00:32:143000          
------- Waiting for active calls to end. Press [q] again to force exit. -------

---------------------------- Repartition Screen ------- [1-9]: Change Screen --
    <No repartion defined>                                                      
  Average Call Length Repartition                                               
           0 ms <= n <        10 ms :          0                                
          10 ms <= n <        50 ms :          0                                
          50 ms <= n <       100 ms :          0                                
         100 ms <= n <       500 ms :          0                                
         500 ms <= n <      1000 ms :          0                                
        1000 ms <= n <      5000 ms :          0                                
        5000 ms <= n <     10000 ms :          0                                
                   n >=    10000 ms :        168                                
------- Waiting for active calls to end. Press [q] again to force exit. -------

