------------------------------ Scenario Screen -------- [1-9]: Change Screen --
  Timestamp: Sun Oct 23 14:05:11 2022

  Call-rate(length)   Port   Total-time  Total-calls  Remote-host
  17.0(0 ms)/1.000s   4053  259232.10 s      4022021  172.17.95.179:15080(UDP)

  0 new calls during 0.000 s period      0 ms scheduler resolution
  0 calls (limit 500)                    Peak was 500 calls, after 29 s
  0 Running, 512 Paused, 0 Woken up
  0 dead call msg (discarded)            0 out-of-call msg (discarded)        
  1 open sockets                        

                                 Messages  Retrans   Timeout   Unexpected-Msg
      INVITE ---------->         4022021   0         0                  
         100 <----------         4022021   0         0         0        
         180 <----------         0         0         0         0        
         183 <----------         4022020   0         0         0        
         403 <----------         0         0         0         0        
         200 <----------         4022021   0         0         0        
         ACK ---------->         4022021   0                            
       Pause [   1000ms]         4022021                       0        
        INFO ---------->         4022021   0         0                  
         200 <----------         4022021   0         0         0        

       Pause [    30.0s]         4022021                       0        
         BYE ---------->         4022021   0         0                  
         200 <----------         4022021   0         0         0        

       Pause [   1000ms]         4022021                       0        
------- Waiting for active calls to end. Press [q] again to force exit. -------

----------------------------- Statistics Screen ------- [1-9]: Change Screen --
  Start Time             | 2022-10-20	14:04:39.853918	1666245879.853918         
  Last Reset Time        | 2022-10-23	14:05:11.959805	1666505111.959805         
  Current Time           | 2022-10-23	14:05:11.959879	1666505111.959879         
-------------------------+---------------------------+--------------------------
  Counter Name           | Periodic value            | Cumulative value
-------------------------+---------------------------+--------------------------
  Elapsed Time           | 00:00:00:000000           | 72:00:32:105000          
  Call Rate              |    0.000 cps              |   15.515 cps             
-------------------------+---------------------------+--------------------------
  Incoming call created  |        0                  |        0                 
  OutGoing call created  |        0                  |  4022021                 
  Total Call created     |                           |  4022021                 
  Current Call           |        0                  |                          
-------------------------+---------------------------+--------------------------
  Successful call        |        0                  |  4022021                 
  Failed call            |        0                  |        0                 
-------------------------+---------------------------+--------------------------
  Call Length            | 00:00:00:000000           | 00:00:32:156000          
------- Waiting for active calls to end. Press [q] again to force exit. -------

---------------------------- Repartition Screen ------- [1-9]: Change Screen --
    <No repartion defined>                                                      
  Average Call Length Repartition                                               
           0 ms <= n <        10 ms :          0                                
          10 ms <= n <        50 ms :          0                                
          50 ms <= n <       100 ms :          0                                
         100 ms <= n <       500 ms :          0                                
         500 ms <= n <      1000 ms :          0                                
        1000 ms <= n <      5000 ms :          0                                
        5000 ms <= n <     10000 ms :          0                                
                   n >=    10000 ms :    4022021                                
------- Waiting for active calls to end. Press [q] again to force exit. -------

