------------------------------ Scenario Screen -------- [1-9]: Change Screen --
  Timestamp: Wed Oct 19 10:43:25 2022

  Call-rate(length)   Port   Total-time  Total-calls  Remote-host
  17.0(0 ms)/1.000s   4054     792.35 s        12238  172.17.95.180:15060(UDP)

  0 new calls during 0.000 s period      0 ms scheduler resolution
  0 calls (limit 500)                    Peak was 500 calls, after 29 s
  0 Running, 533 Paused, 0 Woken up
  0 dead call msg (discarded)            0 out-of-call msg (discarded)        
  1 open sockets                        

                                 Messages  Retrans   Timeout   Unexpected-Msg
    REGISTER ---------->         12238     0         0                  
         401 <----------         12238     0         0         0        
    REGISTER ---------->         12238     0         0                  
         200 <----------  E-RTD1 12238     0         0         0        
      INVITE ---------->         12238     0         0                  
         100 <----------         12238     0         0         0        
         180 <----------         0         0         0         0        
         183 <----------         0         0         0         0        
         403 <----------         0         0         0         0        
         200 <----------         12238     0         0         0        
         ACK ---------->         12238     0                            
       Pause [    30.0s]         12238                         0        
         BYE ---------->         12238     0         0                  
         200 <----------         12238     0         0         0        

       Pause [   1000ms]         12238                         0        
------- Waiting for active calls to end. Press [q] again to force exit. -------

----------------------------- Statistics Screen ------- [1-9]: Change Screen --
  Start Time             | 2022-10-19	10:30:12.663727	1666146612.663727         
  Last Reset Time        | 2022-10-19	10:43:25.016494	1666147405.016494         
  Current Time           | 2022-10-19	10:43:25.016550	1666147405.016550         
-------------------------+---------------------------+--------------------------
  Counter Name           | Periodic value            | Cumulative value
-------------------------+---------------------------+--------------------------
  Elapsed Time           | 00:00:00:000000           | 00:13:12:352000          
  Call Rate              |    0.000 cps              |   15.445 cps             
-------------------------+---------------------------+--------------------------
  Incoming call created  |        0                  |        0                 
  OutGoing call created  |        0                  |    12238                 
  Total Call created     |                           |    12238                 
  Current Call           |        0                  |                          
-------------------------+---------------------------+--------------------------
  Successful call        |        0                  |    12238                 
  Failed call            |        0                  |        0                 
-------------------------+---------------------------+--------------------------
  Response Time 1        | 00:00:00:000000           | 00:00:00:007000          
  Call Length            | 00:00:00:000000           | 00:00:31:057000          
------- Waiting for active calls to end. Press [q] again to force exit. -------

---------------------------- Repartition Screen ------- [1-9]: Change Screen --
  Average Response Time Repartition 1                                           
           0 ms <= n <        10 ms :      11788                                
          10 ms <= n <        20 ms :        109                                
          20 ms <= n <        30 ms :         34                                
          30 ms <= n <        40 ms :         32                                
          40 ms <= n <        50 ms :         24                                
          50 ms <= n <       100 ms :        174                                
         100 ms <= n <       150 ms :         74                                
         150 ms <= n <       200 ms :          2                                
                   n >=      200 ms :          1                                
  Average Call Length Repartition                                               
           0 ms <= n <        10 ms :          0                                
          10 ms <= n <        50 ms :          0                                
          50 ms <= n <       100 ms :          0                                
         100 ms <= n <       500 ms :          0                                
         500 ms <= n <      1000 ms :          0                                
        1000 ms <= n <      5000 ms :          0                                
        5000 ms <= n <     10000 ms :          0                                
                   n >=    10000 ms :      12238                                
------- Waiting for active calls to end. Press [q] again to force exit. -------

