------------------------------ Scenario Screen -------- [1-9]: Change Screen --
  Timestamp: Wed Oct 19 10:57:00 2022

  Call-rate(length)   Port   Total-time  Total-calls  Remote-host
 120.0(0 ms)/1.000s   4051     127.26 s        11089  172.17.95.179:15080(UDP)

  0 new calls during 0.000 s period      0 ms scheduler resolution
  0 calls (limit 4000)                   Peak was 3830 calls, after 66 s
  0 Running, 3201 Paused, 0 Woken up
  0 dead call msg (discarded)            0 out-of-call msg (discarded)        
  1 open sockets                        

                                 Messages  Retrans   Timeout   Unexpected-Msg
      INVITE ---------->         11089     0         0                  
         100 <----------         11089     0         0         0        
         180 <----------         0         0         0         0        
         183 <----------         11089     0         0         0        
         403 <----------         0         0         0         0        
         200 <----------         11089     0         0         0        
         ACK ---------->         11089     0                            
       Pause [   1000ms]         11089                         0        
        INFO ---------->         11089     0         0                  
         200 <----------         11089     0         0         0        

       Pause [    30.0s]         11089                         898      
         BYE ---------->         10191     0         0                  
         200 <----------         10191     0         0         0        

       Pause [   1000ms]         10191                         0        
------- Waiting for active calls to end. Press [q] again to force exit. -------

----------------------------- Statistics Screen ------- [1-9]: Change Screen --
  Start Time             | 2022-10-19	10:54:52.739278	1666148092.739278         
  Last Reset Time        | 2022-10-19	10:57:00.008614	1666148220.008614         
  Current Time           | 2022-10-19	10:57:00.008655	1666148220.008655         
-------------------------+---------------------------+--------------------------
  Counter Name           | Periodic value            | Cumulative value
-------------------------+---------------------------+--------------------------
  Elapsed Time           | 00:00:00:000000           | 00:02:07:269000          
  Call Rate              |    0.000 cps              |   87.130 cps             
-------------------------+---------------------------+--------------------------
  Incoming call created  |        0                  |        0                 
  OutGoing call created  |        0                  |    11089                 
  Total Call created     |                           |    11089                 
  Current Call           |        0                  |                          
-------------------------+---------------------------+--------------------------
  Successful call        |        0                  |    10191                 
  Failed call            |        0                  |      898                 
-------------------------+---------------------------+--------------------------
  Call Length            | 00:00:00:000000           | 00:00:31:519000          
------- Waiting for active calls to end. Press [q] again to force exit. -------

---------------------------- Repartition Screen ------- [1-9]: Change Screen --
    <No repartion defined>                                                      
  Average Call Length Repartition                                               
           0 ms <= n <        10 ms :          0                                
          10 ms <= n <        50 ms :          0                                
          50 ms <= n <       100 ms :          0                                
         100 ms <= n <       500 ms :          0                                
         500 ms <= n <      1000 ms :          0                                
        1000 ms <= n <      5000 ms :        523                                
        5000 ms <= n <     10000 ms :         63                                
                   n >=    10000 ms :      10503                                
------- Waiting for active calls to end. Press [q] again to force exit. -------

