------------------------------ Scenario Screen -------- [1-9]: Change Screen --
  Timestamp: Sat Oct 15 18:48:16 2022

  Call-rate(length)   Port   Total-time  Total-calls  Remote-host
  17.0(0 ms)/1.000s   4051   14432.07 s       223297  172.17.95.179:15080(UDP)

  0 new calls during 0.000 s period      0 ms scheduler resolution
  0 calls (limit 500)                    Peak was 500 calls, after 29 s
  0 Running, 513 Paused, 569627 Woken up
  0 dead call msg (discarded)            0 out-of-call msg (discarded)        
  1 open sockets                        

                                 Messages  Retrans   Timeout   Unexpected-Msg
      INVITE ---------->         223297    0         0                  
         100 <----------         223297    0         0         0        
         180 <----------         0         0         0         0        
         183 <----------         223297    0         0         0        
         403 <----------         0         0         0         0        
         200 <----------         223297    0         0         0        
         ACK ---------->         223297    0                            
       Pause [   1000ms]         223297                        0        
        INFO ---------->         223297    0         0                  
         200 <----------         223297    0         0         0        

       Pause [    30.0s]         223297                        0        
         BYE ---------->         223297    0         0                  
         200 <----------         223297    0         0         0        

       Pause [   1000ms]         223297                        0        
------- Waiting for active calls to end. Press [q] again to force exit. -------

----------------------------- Statistics Screen ------- [1-9]: Change Screen --
  Start Time             | 2022-10-15	14:47:44.554676	1665816464.554676         
  Last Reset Time        | 2022-10-15	18:48:16.628235	1665830896.628235         
  Current Time           | 2022-10-15	18:48:16.628273	1665830896.628273         
-------------------------+---------------------------+--------------------------
  Counter Name           | Periodic value            | Cumulative value
-------------------------+---------------------------+--------------------------
  Elapsed Time           | 00:00:00:000000           | 04:00:32:073000          
  Call Rate              |    0.000 cps              |   15.472 cps             
-------------------------+---------------------------+--------------------------
  Incoming call created  |        0                  |        0                 
  OutGoing call created  |        0                  |   223297                 
  Total Call created     |                           |   223297                 
  Current Call           |        0                  |                          
-------------------------+---------------------------+--------------------------
  Successful call        |        0                  |   223297                 
  Failed call            |        0                  |        0                 
-------------------------+---------------------------+--------------------------
  Call Length            | 00:00:00:000000           | 00:00:32:169000          
------- Waiting for active calls to end. Press [q] again to force exit. -------

---------------------------- Repartition Screen ------- [1-9]: Change Screen --
    <No repartion defined>                                                      
  Average Call Length Repartition                                               
           0 ms <= n <        10 ms :          0                                
          10 ms <= n <        50 ms :          0                                
          50 ms <= n <       100 ms :          0                                
         100 ms <= n <       500 ms :          0                                
         500 ms <= n <      1000 ms :          0                                
        1000 ms <= n <      5000 ms :          0                                
        5000 ms <= n <     10000 ms :          0                                
                   n >=    10000 ms :     223297                                
------- Waiting for active calls to end. Press [q] again to force exit. -------

