------------------------------ Scenario Screen -------- [1-9]: Change Screen --
  Timestamp: Thu Oct 20 11:39:24 2022

  Call-rate(length)   Port   Total-time  Total-calls  Remote-host
  17.0(0 ms)/1.000s   4053    1497.03 s        22741  172.17.95.179:15080(UDP)

  0 new calls during 0.000 s period      0 ms scheduler resolution
  0 calls (limit 500)                    Peak was 500 calls, after 29 s
  0 Running, 515 Paused, 0 Woken up
  0 dead call msg (discarded)            0 out-of-call msg (discarded)        
  1 open sockets                        

                                 Messages  Retrans   Timeout   Unexpected-Msg
      INVITE ---------->         22741     0         0                  
         100 <----------         22741     0         0         0        
         180 <----------         0         0         0         0        
         183 <----------         22741     0         0         0        
         403 <----------         0         0         0         0        
         200 <----------         22741     0         0         0        
         ACK ---------->         22741     0                            
       Pause [   1000ms]         22741                         0        
        INFO ---------->         22741     0         0                  
         200 <----------         22741     0         0         0        

       Pause [    30.0s]         22741                         0        
         BYE ---------->         22741     0         0                  
         200 <----------         22741     0         0         0        

       Pause [   1000ms]         22741                         0        
------- Waiting for active calls to end. Press [q] again to force exit. -------

----------------------------- Statistics Screen ------- [1-9]: Change Screen --
  Start Time             | 2022-10-20	11:14:26.984811	1666235666.984811         
  Last Reset Time        | 2022-10-20	11:39:24.019246	1666237164.019246         
  Current Time           | 2022-10-20	11:39:24.019312	1666237164.019312         
-------------------------+---------------------------+--------------------------
  Counter Name           | Periodic value            | Cumulative value
-------------------------+---------------------------+--------------------------
  Elapsed Time           | 00:00:00:000000           | 00:24:57:034000          
  Call Rate              |    0.000 cps              |   15.191 cps             
-------------------------+---------------------------+--------------------------
  Incoming call created  |        0                  |        0                 
  OutGoing call created  |        0                  |    22741                 
  Total Call created     |                           |    22741                 
  Current Call           |        0                  |                          
-------------------------+---------------------------+--------------------------
  Successful call        |        0                  |    22741                 
  Failed call            |        0                  |        0                 
-------------------------+---------------------------+--------------------------
  Call Length            | 00:00:00:000000           | 00:00:32:157000          
------- Waiting for active calls to end. Press [q] again to force exit. -------

---------------------------- Repartition Screen ------- [1-9]: Change Screen --
    <No repartion defined>                                                      
  Average Call Length Repartition                                               
           0 ms <= n <        10 ms :          0                                
          10 ms <= n <        50 ms :          0                                
          50 ms <= n <       100 ms :          0                                
         100 ms <= n <       500 ms :          0                                
         500 ms <= n <      1000 ms :          0                                
        1000 ms <= n <      5000 ms :          0                                
        5000 ms <= n <     10000 ms :          0                                
                   n >=    10000 ms :      22741                                
------- Waiting for active calls to end. Press [q] again to force exit. -------

