------------------------------ Scenario Screen -------- [1-9]: Change Screen --
  Timestamp: Sun Oct 16 10:15:06 2022

  Call-rate(length)   Port   Total-time  Total-calls  Remote-host
  17.0(0 ms)/1.000s   4054     331.04 s         4836  172.17.95.180:15060(UDP)

  0 new calls during 0.000 s period      0 ms scheduler resolution
  0 calls (limit 500)                    Peak was 500 calls, after 29 s
  0 Running, 533 Paused, 0 Woken up
  0 dead call msg (discarded)            0 out-of-call msg (discarded)        
  1 open sockets                        

                                 Messages  Retrans   Timeout   Unexpected-Msg
    REGISTER ---------->         4836      0         0                  
         401 <----------         4836      0         0         0        
    REGISTER ---------->         4836      0         0                  
         200 <----------  E-RTD1 4836      0         0         0        
      INVITE ---------->         4836      0         0                  
         100 <----------         4836      0         0         0        
         180 <----------         0         0         0         0        
         183 <----------         0         0         0         0        
         403 <----------         0         0         0         0        
         200 <----------         4836      0         0         0        
         ACK ---------->         4836      0                            
       Pause [    30.0s]         4836                          0        
         BYE ---------->         4836      0         0                  
         200 <----------         4836      0         0         0        

       Pause [   1000ms]         4836                          0        
------- Waiting for active calls to end. Press [q] again to force exit. -------

----------------------------- Statistics Screen ------- [1-9]: Change Screen --
  Start Time             | 2022-10-16	10:09:35.591205	1665886175.591205         
  Last Reset Time        | 2022-10-16	10:15:06.641487	1665886506.641487         
  Current Time           | 2022-10-16	10:15:06.641560	1665886506.641560         
-------------------------+---------------------------+--------------------------
  Counter Name           | Periodic value            | Cumulative value
-------------------------+---------------------------+--------------------------
  Elapsed Time           | 00:00:00:000000           | 00:05:31:050000          
  Call Rate              |    0.000 cps              |   14.608 cps             
-------------------------+---------------------------+--------------------------
  Incoming call created  |        0                  |        0                 
  OutGoing call created  |        0                  |     4836                 
  Total Call created     |                           |     4836                 
  Current Call           |        0                  |                          
-------------------------+---------------------------+--------------------------
  Successful call        |        0                  |     4836                 
  Failed call            |        0                  |        0                 
-------------------------+---------------------------+--------------------------
  Response Time 1        | 00:00:00:000000           | 00:00:00:005000          
  Call Length            | 00:00:00:000000           | 00:00:31:052000          
------- Waiting for active calls to end. Press [q] again to force exit. -------

---------------------------- Repartition Screen ------- [1-9]: Change Screen --
  Average Response Time Repartition 1                                           
           0 ms <= n <        10 ms :       4757                                
          10 ms <= n <        20 ms :          3                                
          20 ms <= n <        30 ms :         11                                
          30 ms <= n <        40 ms :          0                                
          40 ms <= n <        50 ms :          8                                
          50 ms <= n <       100 ms :         40                                
         100 ms <= n <       150 ms :         14                                
         150 ms <= n <       200 ms :          2                                
                   n >=      200 ms :          1                                
  Average Call Length Repartition                                               
           0 ms <= n <        10 ms :          0                                
          10 ms <= n <        50 ms :          0                                
          50 ms <= n <       100 ms :          0                                
         100 ms <= n <       500 ms :          0                                
         500 ms <= n <      1000 ms :          0                                
        1000 ms <= n <      5000 ms :          0                                
        5000 ms <= n <     10000 ms :          0                                
                   n >=    10000 ms :       4836                                
------- Waiting for active calls to end. Press [q] again to force exit. -------

