------------------------------ Scenario Screen -------- [1-9]: Change Screen --
  Timestamp: Sun Oct 16 14:31:25 2022

  Call-rate(length)   Port   Total-time  Total-calls  Remote-host
   9.0(0 ms)/1.000s   4054    3630.94 s        28925  172.17.95.180:15060(UDP)

  0 new calls during 0.000 s period      0 ms scheduler resolution
  0 calls (limit 250)                    Peak was 250 calls, after 27 s
  0 Running, 267 Paused, 0 Woken up
  0 dead call msg (discarded)            0 out-of-call msg (discarded)        
  1 open sockets                        

                                 Messages  Retrans   Timeout   Unexpected-Msg
    REGISTER ---------->         28925     0         0                  
         401 <----------         28925     0         0         0        
    REGISTER ---------->         28925     0         0                  
         200 <----------  E-RTD1 28925     0         0         0        
      INVITE ---------->         28925     0         0                  
         100 <----------         28925     0         0         0        
         180 <----------         0         0         0         0        
         183 <----------         0         0         0         0        
         403 <----------         0         0         0         0        
         200 <----------         28925     0         0         0        
         ACK ---------->         28925     0                            
       Pause [    30.0s]         28925                         0        
         BYE ---------->         28925     0         0                  
         200 <----------         28925     0         0         0        

       Pause [   1000ms]         28925                         0        
------- Waiting for active calls to end. Press [q] again to force exit. -------

----------------------------- Statistics Screen ------- [1-9]: Change Screen --
  Start Time             | 2022-10-16	13:30:54.099485	1665898254.099485         
  Last Reset Time        | 2022-10-16	14:31:25.042899	1665901885.042899         
  Current Time           | 2022-10-16	14:31:25.042976	1665901885.042976         
-------------------------+---------------------------+--------------------------
  Counter Name           | Periodic value            | Cumulative value
-------------------------+---------------------------+--------------------------
  Elapsed Time           | 00:00:00:000000           | 01:00:30:943000          
  Call Rate              |    0.000 cps              |    7.966 cps             
-------------------------+---------------------------+--------------------------
  Incoming call created  |        0                  |        0                 
  OutGoing call created  |        0                  |    28925                 
  Total Call created     |                           |    28925                 
  Current Call           |        0                  |                          
-------------------------+---------------------------+--------------------------
  Successful call        |        0                  |    28925                 
  Failed call            |        0                  |        0                 
-------------------------+---------------------------+--------------------------
  Response Time 1        | 00:00:00:000000           | 00:00:00:006000          
  Call Length            | 00:00:00:000000           | 00:00:31:054000          
------- Waiting for active calls to end. Press [q] again to force exit. -------

---------------------------- Repartition Screen ------- [1-9]: Change Screen --
  Average Response Time Repartition 1                                           
           0 ms <= n <        10 ms :      28283                                
          10 ms <= n <        20 ms :        162                                
          20 ms <= n <        30 ms :         78                                
          30 ms <= n <        40 ms :         72                                
          40 ms <= n <        50 ms :         17                                
          50 ms <= n <       100 ms :        146                                
         100 ms <= n <       150 ms :        154                                
         150 ms <= n <       200 ms :          2                                
                   n >=      200 ms :         11                                
  Average Call Length Repartition                                               
           0 ms <= n <        10 ms :          0                                
          10 ms <= n <        50 ms :          0                                
          50 ms <= n <       100 ms :          0                                
         100 ms <= n <       500 ms :          0                                
         500 ms <= n <      1000 ms :          0                                
        1000 ms <= n <      5000 ms :          0                                
        5000 ms <= n <     10000 ms :          0                                
                   n >=    10000 ms :      28925                                
------- Waiting for active calls to end. Press [q] again to force exit. -------

