------------------------------ Scenario Screen -------- [1-9]: Change Screen --
  Timestamp: Sat Oct 15 18:48:28 2022

  Call-rate(length)   Port   Total-time  Total-calls  Remote-host
  17.0(0 ms)/1.000s   4054   14430.99 s       231412  172.17.95.180:15060(UDP)

  0 new calls during 0.000 s period      0 ms scheduler resolution
  0 calls (limit 500)                    Peak was 500 calls, after 29 s
  0 Running, 532 Paused, 474922 Woken up
  0 dead call msg (discarded)            0 out-of-call msg (discarded)        
  1 open sockets                        

                                 Messages  Retrans   Timeout   Unexpected-Msg
    REGISTER ---------->         231412    0         0                  
         401 <----------         231412    0         0         0        
    REGISTER ---------->         231412    0         0                  
         200 <----------  E-RTD1 231412    0         0         0        
      INVITE ---------->         231412    0         0                  
         100 <----------         231412    0         0         0        
         180 <----------         0         0         0         0        
         183 <----------         0         0         0         0        
         403 <----------         0         0         0         0        
         200 <----------         231412    0         0         0        
         ACK ---------->         231412    0                            
       Pause [    30.0s]         231412                        0        
         BYE ---------->         231412    0         0                  
         200 <----------         231412    0         0         0        

       Pause [   1000ms]         231412                        0        
------- Waiting for active calls to end. Press [q] again to force exit. -------

----------------------------- Statistics Screen ------- [1-9]: Change Screen --
  Start Time             | 2022-10-15	14:47:57.819488	1665816477.819488         
  Last Reset Time        | 2022-10-15	18:48:28.816038	1665830908.816038         
  Current Time           | 2022-10-15	18:48:28.816076	1665830908.816076         
-------------------------+---------------------------+--------------------------
  Counter Name           | Periodic value            | Cumulative value
-------------------------+---------------------------+--------------------------
  Elapsed Time           | 00:00:00:000000           | 04:00:30:996000          
  Call Rate              |    0.000 cps              |   16.036 cps             
-------------------------+---------------------------+--------------------------
  Incoming call created  |        0                  |        0                 
  OutGoing call created  |        0                  |   231412                 
  Total Call created     |                           |   231412                 
  Current Call           |        0                  |                          
-------------------------+---------------------------+--------------------------
  Successful call        |        0                  |   231412                 
  Failed call            |        0                  |        0                 
-------------------------+---------------------------+--------------------------
  Response Time 1        | 00:00:00:000000           | 00:00:00:007000          
  Call Length            | 00:00:00:000000           | 00:00:31:058000          
------- Waiting for active calls to end. Press [q] again to force exit. -------

---------------------------- Repartition Screen ------- [1-9]: Change Screen --
  Average Response Time Repartition 1                                           
           0 ms <= n <        10 ms :     223166                                
          10 ms <= n <        20 ms :       1770                                
          20 ms <= n <        30 ms :        845                                
          30 ms <= n <        40 ms :        710                                
          40 ms <= n <        50 ms :        317                                
          50 ms <= n <       100 ms :       3159                                
         100 ms <= n <       150 ms :       1276                                
         150 ms <= n <       200 ms :        112                                
                   n >=      200 ms :         57                                
  Average Call Length Repartition                                               
           0 ms <= n <        10 ms :          0                                
          10 ms <= n <        50 ms :          0                                
          50 ms <= n <       100 ms :          0                                
         100 ms <= n <       500 ms :          0                                
         500 ms <= n <      1000 ms :          0                                
        1000 ms <= n <      5000 ms :          0                                
        5000 ms <= n <     10000 ms :          0                                
                   n >=    10000 ms :     231412                                
------- Waiting for active calls to end. Press [q] again to force exit. -------

