------------------------------ Scenario Screen -------- [1-9]: Change Screen --
  Timestamp: Sun Oct 23 14:05:13 2022

  Call-rate(length)   Port   Total-time  Total-calls  Remote-host
   9.0(0 ms)/1.000s   4054  259230.95 s      2082344  172.17.95.180:15060(UDP)

  0 new calls during 0.000 s period      0 ms scheduler resolution
  0 calls (limit 250)                    Peak was 250 calls, after 27 s
  0 Running, 267 Paused, 0 Woken up
  0 dead call msg (discarded)            0 out-of-call msg (discarded)        
  1 open sockets                        

                                 Messages  Retrans   Timeout   Unexpected-Msg
    REGISTER ---------->         2082344   0         0                  
         401 <----------         2082344   0         0         0        
    REGISTER ---------->         2082344   0         0                  
         200 <----------  E-RTD1 2082344   0         0         0        
      INVITE ---------->         2082344   0         0                  
         100 <----------         2082344   0         0         0        
         180 <----------         0         0         0         0        
         183 <----------         0         0         0         0        
         403 <----------         0         0         0         0        
         200 <----------         2082344   0         0         0        
         ACK ---------->         2082344   0                            
       Pause [    30.0s]         2082344                       0        
         BYE ---------->         2082344   0         0                  
         200 <----------         2082344   0         0         0        

       Pause [   1000ms]         2082344                       0        
------- Waiting for active calls to end. Press [q] again to force exit. -------

----------------------------- Statistics Screen ------- [1-9]: Change Screen --
  Start Time             | 2022-10-20	14:04:42.653519	1666245882.653519         
  Last Reset Time        | 2022-10-23	14:05:13.613242	1666505113.613242         
  Current Time           | 2022-10-23	14:05:13.613315	1666505113.613315         
-------------------------+---------------------------+--------------------------
  Counter Name           | Periodic value            | Cumulative value
-------------------------+---------------------------+--------------------------
  Elapsed Time           | 00:00:00:000000           | 72:00:30:959000          
  Call Rate              |    0.000 cps              |    8.033 cps             
-------------------------+---------------------------+--------------------------
  Incoming call created  |        0                  |        0                 
  OutGoing call created  |        0                  |  2082344                 
  Total Call created     |                           |  2082344                 
  Current Call           |        0                  |                          
-------------------------+---------------------------+--------------------------
  Successful call        |        0                  |  2082344                 
  Failed call            |        0                  |        0                 
-------------------------+---------------------------+--------------------------
  Response Time 1        | 00:00:00:000000           | 00:00:00:006000          
  Call Length            | 00:00:00:000000           | 00:00:31:054000          
------- Waiting for active calls to end. Press [q] again to force exit. -------

---------------------------- Repartition Screen ------- [1-9]: Change Screen --
  Average Response Time Repartition 1                                           
           0 ms <= n <        10 ms :    2044801                                
          10 ms <= n <        20 ms :       6091                                
          20 ms <= n <        30 ms :       4966                                
          30 ms <= n <        40 ms :       4111                                
          40 ms <= n <        50 ms :       2215                                
          50 ms <= n <       100 ms :       9181                                
         100 ms <= n <       150 ms :      10103                                
         150 ms <= n <       200 ms :        235                                
                   n >=      200 ms :        641                                
  Average Call Length Repartition                                               
           0 ms <= n <        10 ms :          0                                
          10 ms <= n <        50 ms :          0                                
          50 ms <= n <       100 ms :          0                                
         100 ms <= n <       500 ms :          0                                
         500 ms <= n <      1000 ms :          0                                
        1000 ms <= n <      5000 ms :          0                                
        5000 ms <= n <     10000 ms :          0                                
                   n >=    10000 ms :    2082344                                
------- Waiting for active calls to end. Press [q] again to force exit. -------

