------------------------------ Scenario Screen -------- [1-9]: Change Screen --
  Timestamp: Tue Oct 18 22:29:33 2022

  Call-rate(length)   Port   Total-time  Total-calls  Remote-host
  63.0(0 ms)/1.000s   4054     931.09 s        57015  172.17.95.180:15060(UDP)

  0 new calls during 0.000 s period      0 ms scheduler resolution
  0 calls (limit 4000)                   Peak was 2058 calls, after 433 s
  0 Running, 2093 Paused, 87673 Woken up
  682 dead call msg (discarded)          9254 out-of-call msg (discarded)     
  1 open sockets                        

                                 Messages  Retrans   Timeout   Unexpected-Msg
    REGISTER ---------->         57015     351       0                  
         401 <----------         57015     3         0         0        
    REGISTER ---------->         57015     562       0                  
         200 <----------  E-RTD1 57015     4         0         0        
      INVITE ---------->         57015     4         0                  
         100 <----------         57015     0         0         0        
         180 <----------         0         0         0         0        
         183 <----------         0         0         0         0        
         403 <----------         62        0         0         0        
         200 <----------         56953     0         0         0        
         ACK ---------->         56953     0                            
       Pause [    30.0s]         56953                         0        
         BYE ---------->         57015     0         0                  
         200 <----------         56953     0         0         62       

       Pause [   1000ms]         56953                         0        
------- Waiting for active calls to end. Press [q] again to force exit. -------

----------------------------- Statistics Screen ------- [1-9]: Change Screen --
  Start Time             | 2022-10-18	22:14:02.133571	1666102442.133571         
  Last Reset Time        | 2022-10-18	22:29:33.226353	1666103373.226353         
  Current Time           | 2022-10-18	22:29:33.226409	1666103373.226409         
-------------------------+---------------------------+--------------------------
  Counter Name           | Periodic value            | Cumulative value
-------------------------+---------------------------+--------------------------
  Elapsed Time           | 00:00:00:000000           | 00:15:31:092000          
  Call Rate              |    0.000 cps              |   61.235 cps             
-------------------------+---------------------------+--------------------------
  Incoming call created  |        0                  |        0                 
  OutGoing call created  |        0                  |    57015                 
  Total Call created     |                           |    57015                 
  Current Call           |        0                  |                          
-------------------------+---------------------------+--------------------------
  Successful call        |        0                  |    56953                 
  Failed call            |        0                  |       62                 
-------------------------+---------------------------+--------------------------
  Response Time 1        | 00:00:00:000000           | 00:00:00:175000          
  Call Length            | 00:00:00:000000           | 00:00:31:202000          
------- Waiting for active calls to end. Press [q] again to force exit. -------

---------------------------- Repartition Screen ------- [1-9]: Change Screen --
  Average Response Time Repartition 1                                           
           0 ms <= n <        10 ms :       1698                                
          10 ms <= n <        20 ms :      14840                                
          20 ms <= n <        30 ms :       2741                                
          30 ms <= n <        40 ms :       1221                                
          40 ms <= n <        50 ms :       1198                                
          50 ms <= n <       100 ms :       7495                                
         100 ms <= n <       150 ms :       7441                                
         150 ms <= n <       200 ms :       4385                                
                   n >=      200 ms :      15996                                
  Average Call Length Repartition                                               
           0 ms <= n <        10 ms :          0                                
          10 ms <= n <        50 ms :         24                                
          50 ms <= n <       100 ms :         10                                
         100 ms <= n <       500 ms :         28                                
         500 ms <= n <      1000 ms :          0                                
        1000 ms <= n <      5000 ms :          0                                
        5000 ms <= n <     10000 ms :          0                                
                   n >=    10000 ms :      56953                                
------- Waiting for active calls to end. Press [q] again to force exit. -------

