------------------------------ Scenario Screen -------- [1-9]: Change Screen --
  Timestamp: Sun Oct 16 12:01:08 2022

  Call-rate(length)   Port   Total-time  Total-calls  Remote-host
  17.0(0 ms)/1.000s   5060      38.05 s          120  172.17.95.180:15060(UDP)

  0 new calls during 0.000 s period      0 ms scheduler resolution
  0 calls (limit 500)                    Peak was 61 calls, after 7 s
  0 Running, 79 Paused, 0 Woken up
  60 dead call msg (discarded)           0 out-of-call msg (discarded)        
  1 open sockets                        

                                 Messages  Retrans   Timeout   Unexpected-Msg
    REGISTER ---------->         120       0         0                  
         401 <----------         120       0         0         0        
    REGISTER ---------->         120       0         0                  
         200 <----------  E-RTD1 60        0         0         60       
      INVITE ---------->         60        0         0                  
         100 <----------         60        0         0         0        
         180 <----------         0         0         0         0        
         183 <----------         0         0         0         0        
         403 <----------         0         0         0         0        
         200 <----------         60        0         0         0        
         ACK ---------->         60        0                            
       Pause [    30.0s]         60                            0        
         BYE ---------->         60        0         0                  
         200 <----------         60        0         0         0        

       Pause [   1000ms]         60                            0        
------- Waiting for active calls to end. Press [q] again to force exit. -------

----------------------------- Statistics Screen ------- [1-9]: Change Screen --
  Start Time             | 2022-10-16	12:00:30.883601	1665892830.883601         
  Last Reset Time        | 2022-10-16	12:01:08.937233	1665892868.937233         
  Current Time           | 2022-10-16	12:01:08.937274	1665892868.937274         
-------------------------+---------------------------+--------------------------
  Counter Name           | Periodic value            | Cumulative value
-------------------------+---------------------------+--------------------------
  Elapsed Time           | 00:00:00:000000           | 00:00:38:053000          
  Call Rate              |    0.000 cps              |    3.153 cps             
-------------------------+---------------------------+--------------------------
  Incoming call created  |        0                  |        0                 
  OutGoing call created  |        0                  |      120                 
  Total Call created     |                           |      120                 
  Current Call           |        0                  |                          
-------------------------+---------------------------+--------------------------
  Successful call        |        0                  |       60                 
  Failed call            |        0                  |       60                 
-------------------------+---------------------------+--------------------------
  Response Time 1        | 00:00:00:000000           | 00:00:00:003000          
  Call Length            | 00:00:00:000000           | 00:00:15:525000          
------- Waiting for active calls to end. Press [q] again to force exit. -------

---------------------------- Repartition Screen ------- [1-9]: Change Screen --
  Average Response Time Repartition 1                                           
           0 ms <= n <        10 ms :         60                                
          10 ms <= n <        20 ms :          0                                
          20 ms <= n <        30 ms :          0                                
          30 ms <= n <        40 ms :          0                                
          40 ms <= n <        50 ms :          0                                
          50 ms <= n <       100 ms :          0                                
         100 ms <= n <       150 ms :          0                                
         150 ms <= n <       200 ms :          0                                
                   n >=      200 ms :          0                                
  Average Call Length Repartition                                               
           0 ms <= n <        10 ms :         60                                
          10 ms <= n <        50 ms :          0                                
          50 ms <= n <       100 ms :          0                                
         100 ms <= n <       500 ms :          0                                
         500 ms <= n <      1000 ms :          0                                
        1000 ms <= n <      5000 ms :          0                                
        5000 ms <= n <     10000 ms :          0                                
                   n >=    10000 ms :         60                                
------- Waiting for active calls to end. Press [q] again to force exit. -------

