------------------------------ Scenario Screen -------- [1-9]: Change Screen --
  Timestamp: Thu Oct 20 11:53:15 2022

  Call-rate(length)   Port   Total-time  Total-calls  Remote-host
  17.0(0 ms)/1.000s   4051      43.44 s          192  172.17.95.179:15080(UDP)

  0 new calls during 0.000 s period      0 ms scheduler resolution
  0 calls (limit 500)                    Peak was 192 calls, after 11 s
  0 Running, 193 Paused, 0 Woken up
  0 dead call msg (discarded)            0 out-of-call msg (discarded)        
  1 open sockets                        

                                 Messages  Retrans   Timeout   Unexpected-Msg
      INVITE ---------->         192       0         0                  
         100 <----------         192       0         0         0        
         180 <----------         0         0         0         0        
         183 <----------         192       0         0         0        
         403 <----------         0         0         0         0        
         200 <----------         192       0         0         0        
         ACK ---------->         192       0                            
       Pause [   1000ms]         192                           0        
        INFO ---------->         192       0         0                  
         200 <----------         192       0         0         0        

       Pause [    30.0s]         192                           0        
         BYE ---------->         192       0         0                  
         200 <----------         192       0         0         0        

       Pause [   1000ms]         192                           0        
------- Waiting for active calls to end. Press [q] again to force exit. -------

----------------------------- Statistics Screen ------- [1-9]: Change Screen --
  Start Time             | 2022-10-20	11:52:32.396685	1666237952.396685         
  Last Reset Time        | 2022-10-20	11:53:15.842791	1666237995.842791         
  Current Time           | 2022-10-20	11:53:15.842857	1666237995.842857         
-------------------------+---------------------------+--------------------------
  Counter Name           | Periodic value            | Cumulative value
-------------------------+---------------------------+--------------------------
  Elapsed Time           | 00:00:00:000000           | 00:00:43:446000          
  Call Rate              |    0.000 cps              |    4.419 cps             
-------------------------+---------------------------+--------------------------
  Incoming call created  |        0                  |        0                 
  OutGoing call created  |        0                  |      192                 
  Total Call created     |                           |      192                 
  Current Call           |        0                  |                          
-------------------------+---------------------------+--------------------------
  Successful call        |        0                  |      192                 
  Failed call            |        0                  |        0                 
-------------------------+---------------------------+--------------------------
  Call Length            | 00:00:00:000000           | 00:00:32:137000          
------- Waiting for active calls to end. Press [q] again to force exit. -------

---------------------------- Repartition Screen ------- [1-9]: Change Screen --
    <No repartion defined>                                                      
  Average Call Length Repartition                                               
           0 ms <= n <        10 ms :          0                                
          10 ms <= n <        50 ms :          0                                
          50 ms <= n <       100 ms :          0                                
         100 ms <= n <       500 ms :          0                                
         500 ms <= n <      1000 ms :          0                                
        1000 ms <= n <      5000 ms :          0                                
        5000 ms <= n <     10000 ms :          0                                
                   n >=    10000 ms :        192                                
------- Waiting for active calls to end. Press [q] again to force exit. -------

